============================= test session starts =============================
platform win32 -- Python 3.12.10, pytest-9.0.2, pluggy-1.6.0 -- D:\projects\Personal_Memory_Assistant\.venv\Scripts\python.exe
cachedir: .pytest_cache
rootdir: D:\projects\Personal_Memory_Assistant
configfile: pyproject.toml
plugins: anyio-4.12.1, cov-7.0.0, asyncio-1.3.0
asyncio: mode=Mode.AUTO, debug=False, asyncio_default_fixture_loop_scope=None, asyncio_default_test_loop_scope=function
collecting ... collected 25 items / 4 errors

=================================== ERRORS ====================================
_______________ ERROR collecting tests/test_central_coverage.py _______________
ImportError while importing test module 'D:\projects\Personal_Memory_Assistant\tests\test_central_coverage.py'.
Hint: make sure your test modules/packages have valid Python names.
Traceback:
C:\Users\binit\AppData\Local\Programs\Python\Python312\Lib\importlib\__init__.py:90: in import_module
    return _bootstrap._gcd_import(name[level:], package, level)
           ^^^^^^^^^^^^^^^^^^^^^^^^^^^^^^^^^^^^^^^^^^^^^^^^^^^^
tests\test_central_coverage.py:10: in <module>
    from app.search import retrieval
app\search\retrieval.py:17: in <module>
    from app.config.project_constants import (
E   ModuleNotFoundError: No module named 'app.config.project_constants'; 'app.config' is not a package
_____________ ERROR collecting tests/test_exhaustive_coverage.py ______________
ImportError while importing test module 'D:\projects\Personal_Memory_Assistant\tests\test_exhaustive_coverage.py'.
Hint: make sure your test modules/packages have valid Python names.
Traceback:
C:\Users\binit\AppData\Local\Programs\Python\Python312\Lib\importlib\__init__.py:90: in import_module
    return _bootstrap._gcd_import(name[level:], package, level)
           ^^^^^^^^^^^^^^^^^^^^^^^^^^^^^^^^^^^^^^^^^^^^^^^^^^^^
tests\test_exhaustive_coverage.py:29: in <module>
    from app.search import context_builder, reranker, retrieval
app\search\retrieval.py:17: in <module>
    from app.config.project_constants import (
E   ModuleNotFoundError: No module named 'app.config.project_constants'; 'app.config' is not a package
__________ ERROR collecting tests/test_indexing_service_extended.py ___________
ImportError while importing test module 'D:\projects\Personal_Memory_Assistant\tests\test_indexing_service_extended.py'.
Hint: make sure your test modules/packages have valid Python names.
Traceback:
C:\Users\binit\AppData\Local\Programs\Python\Python312\Lib\importlib\__init__.py:90: in import_module
    return _bootstrap._gcd_import(name[level:], package, level)
           ^^^^^^^^^^^^^^^^^^^^^^^^^^^^^^^^^^^^^^^^^^^^^^^^^^^^
tests\test_indexing_service_extended.py:6: in <module>
    from app.indexing import service as idx
app\indexing\service.py:16: in <module>
    from app.config.project_constants import (
E   ModuleNotFoundError: No module named 'app.config.project_constants'; 'app.config' is not a package
____________ ERROR collecting tests/test_retrieval_and_reranker.py ____________
ImportError while importing test module 'D:\projects\Personal_Memory_Assistant\tests\test_retrieval_and_reranker.py'.
Hint: make sure your test modules/packages have valid Python names.
Traceback:
C:\Users\binit\AppData\Local\Programs\Python\Python312\Lib\importlib\__init__.py:90: in import_module
    return _bootstrap._gcd_import(name[level:], package, level)
           ^^^^^^^^^^^^^^^^^^^^^^^^^^^^^^^^^^^^^^^^^^^^^^^^^^^^
tests\test_retrieval_and_reranker.py:3: in <module>
    from app.search import retrieval
app\search\retrieval.py:17: in <module>
    from app.config.project_constants import (
E   ModuleNotFoundError: No module named 'app.config.project_constants'; 'app.config' is not a package
=========================== short test summary info ===========================
ERROR tests/test_central_coverage.py
ERROR tests/test_exhaustive_coverage.py
ERROR tests/test_indexing_service_extended.py
ERROR tests/test_retrieval_and_reranker.py
!!!!!!!!!!!!!!!!!!! Interrupted: 4 errors during collection !!!!!!!!!!!!!!!!!!!
============================== 4 errors in 4.39s ==============================
