<?xml version="1.0" encoding="utf-8"?><testsuites name="pytest tests"><testsuite name="pytest" errors="0" failures="0" skipped="1" tests="773" time="188.148" timestamp="2026-08-15T13:23:54.277418+05:30" hostname="BinitMsi"><testcase classname="tests.test_api_providers" name="test_get_providers" time="3.639" /><testcase classname="tests.test_api_providers" name="test_set_provider_key" time="0.211" /><testcase classname="tests.test_api_providers" name="test_delete_provider_key" time="0.161" /><testcase classname="tests.test_api_providers" name="test_set_default_model" time="0.201" /><testcase classname="tests.test_api_providers" name="test_reading_provider_settings_does_not_write_fallback_chain" time="0.192" /><testcase classname="tests.test_api_providers" name="test_get_settings_reports_consent_and_notice" time="0.190" /><testcase classname="tests.test_api_providers" name="test_put_settings_rejects_cloud_provider_without_consent" time="0.148" /><testcase classname="tests.test_api_providers" name="test_put_settings_allows_cloud_provider_when_consent_already_stored" time="0.105" /><testcase classname="tests.test_api_providers" name="test_put_settings_allows_cloud_provider_when_consent_given_in_same_request" time="0.227" /><testcase classname="tests.test_api_providers" name="test_put_settings_does_not_gate_local_providers" time="0.173" /><testcase classname="tests.test_api_providers" name="test_put_settings_does_not_gate_openai_compatible" time="0.175" /><testcase classname="tests.test_api_providers" name="test_put_settings_can_set_consent_alone" time="0.141" /><testcase classname="tests.test_api_providers" name="test_launch_status_shape" time="0.634" /><testcase classname="tests.test_api_providers" name="test_launch_status_rejects_unknown_provider" time="0.150" /><testcase classname="tests.test_api_providers" name="test_launching_a_cloud_provider_is_refused" time="0.112" /><testcase classname="tests.test_api_providers" name="test_launch_uses_saved_base_url" time="0.199" /><testcase classname="tests.test_api_telemetry_and_models.TestLatencyTracker" name="test_record_and_get_stats" time="0.193" /><testcase classname="tests.test_api_telemetry_and_models.TestLatencyTracker" name="test_percentiles" time="0.134" /><testcase classname="tests.test_api_telemetry_and_models.TestLatencyTracker" name="test_window_eviction" time="0.150" /><testcase classname="tests.test_api_telemetry_and_models.TestLatencyTracker" name="test_multiple_stages" time="0.168" /><testcase classname="tests.test_api_telemetry_and_models.TestLatencyTracker" name="test_empty_stage_not_reported" time="0.151" /><testcase classname="tests.test_api_telemetry_and_models.TestLatencyTracker" name="test_thread_safety" time="0.125" /><testcase classname="tests.test_api_telemetry_and_models.TestTimer" name="test_timer_records_to_tracker" time="0.222" /><testcase classname="tests.test_api_telemetry_and_models.TestTimer" name="test_timer_context_manager_returns_self" time="0.153" /><testcase classname="tests.test_api_telemetry_and_models" name="test_metrics_tracker_singleton" time="0.169" /><testcase classname="tests.test_api_telemetry_and_models" name="test_telemetry_endpoint" time="1.968" /><testcase classname="tests.test_api_telemetry_and_models.TestReadWriteSettings" name="test_read_missing_returns_empty" time="0.358" /><testcase classname="tests.test_api_telemetry_and_models.TestReadWriteSettings" name="test_write_then_read" time="1.225" /><testcase classname="tests.test_api_telemetry_and_models.TestReadWriteSettings" name="test_read_corrupt_json_raises_http_500" time="0.141" /><testcase classname="tests.test_api_telemetry_and_models" name="test_get_preferences_default" time="0.134" /><testcase classname="tests.test_api_telemetry_and_models" name="test_set_preferences_normalizes_invalid_provider" time="0.282" /><testcase classname="tests.test_api_telemetry_and_models" name="test_detect_local_models_no_servers" time="3.441" /><testcase classname="tests.test_api_telemetry_and_models" name="test_detect_local_models_ollama_detected" time="0.195" /><testcase classname="tests.test_api_telemetry_and_models" name="test_llm_chat_passthrough_rejects_auto" time="0.138" /><testcase classname="tests.test_api_telemetry_and_models" name="test_llm_chat_passthrough_success" time="0.149" /><testcase classname="tests.test_api_telemetry_and_models" name="test_llm_chat_passthrough_resolution_failure_does_not_leak_url" time="0.188" /><testcase classname="tests.test_api_telemetry_and_models" name="test_llm_chat_passthrough_chat_failure_does_not_leak_url" time="0.132" /><testcase classname="tests.test_api_telemetry_and_models" name="test_cloud_privacy_consent_required" time="0.208" /><testcase classname="tests.test_api_telemetry_and_models" name="test_set_preferences_preserves_sibling_llm_keys" time="0.237" /><testcase classname="tests.test_central_coverage" name="test_db_logic_coverage" time="0.372" /><testcase classname="tests.test_central_coverage" name="test_indexing_pipeline_deep" time="0.541" /><testcase classname="tests.test_central_coverage" name="test_indexing_folder_walking" time="0.470" /><testcase classname="tests.test_central_coverage" name="test_main_endpoints_high_coverage" time="0.535" /><testcase classname="tests.test_central_coverage" name="test_full_rag_logic" time="0.556" /><testcase classname="tests.test_central_coverage" name="test_context_builder_edge_cases" time="0.169" /><testcase classname="tests.test_central_coverage" name="test_llm_client_retry_logic" time="0.174" /><testcase classname="tests.test_chunker" name="test_rust_cjk_offsets" time="0.149" /><testcase classname="tests.test_chunker" name="test_rust_markdown_cjk_offsets" time="0.234" /><testcase classname="tests.test_chunker" name="test_stream_chunker_pathological_input_no_hang" time="0.201" /><testcase classname="tests.test_chunker" name="test_stream_chunker_loop_guard_trigger" time="0.178" /><testcase classname="tests.test_chunker" name="test_sentence_offsets_gating" time="0.180" /><testcase classname="tests.test_chunker" name="test_create_chunks_routing" time="0.165" /><testcase classname="tests.test_clear_all" name="test_clear_all_and_fts_behavior" time="0.183" /><testcase classname="tests.test_clear_all" name="test_clear_all_drops_the_ocr_queue_but_keeps_the_cache" time="0.175" /><testcase classname="tests.test_clear_all" name="test_clear_vectors_only_leaves_files_chunks_and_fts_intact" time="0.173" /><testcase classname="tests.test_code_chunker.TestCodeChunkerInit" name="test_default_params" time="0.153" /><testcase classname="tests.test_code_chunker.TestCodeChunkerInit" name="test_custom_max_tokens" time="0.174" /><testcase classname="tests.test_code_chunker.TestChunkPython" name="test_simple_function" time="0.181" /><testcase classname="tests.test_code_chunker.TestChunkPython" name="test_class_and_method" time="0.182" /><testcase classname="tests.test_code_chunker.TestChunkPython" name="test_no_boundaries_uses_fallback" time="0.183" /><testcase classname="tests.test_code_chunker.TestChunkPython" name="test_syntax_error_falls_back" time="0.178" /><testcase classname="tests.test_code_chunker.TestChunkPython" name="test_large_function_splits" time="0.129" /><testcase classname="tests.test_code_chunker.TestChunkPython" name="test_multiple_functions" time="0.216" /><testcase classname="tests.test_code_chunker.TestChunkJavaScript" name="test_function_declaration" time="0.137" /><testcase classname="tests.test_code_chunker.TestChunkJavaScript" name="test_class_declaration" time="0.239" /><testcase classname="tests.test_code_chunker.TestChunkJavaScript" name="test_no_pattern_match_uses_fallback" time="0.166" /><testcase classname="tests.test_code_chunker.TestChunkJavaScript" name="test_jsx_extension_handled" time="0.185" /><testcase classname="tests.test_code_chunker.TestChunkRust" name="test_fn_declaration" time="0.167" /><testcase classname="tests.test_code_chunker.TestChunkRust" name="test_struct_declaration" time="0.204" /><testcase classname="tests.test_code_chunker.TestChunkRust" name="test_impl_block" time="0.150" /><testcase classname="tests.test_code_chunker.TestChunkRust" name="test_no_pattern_falls_back" time="0.180" /><testcase classname="tests.test_code_chunker.TestChunkFallback" name="test_unknown_extension" time="0.154" /><testcase classname="tests.test_code_chunker.TestChunkFallback" name="test_no_extension" time="0.128" /><testcase classname="tests.test_code_chunker.TestChunkFallback" name="test_empty_text" time="0.230" /><testcase classname="tests.test_code_chunker.TestChunkFallback" name="test_overlapping_chunks" time="0.195" /><testcase classname="tests.test_code_chunker.TestChunkCodeDispatch" name="test_dispatch_py" time="0.142" /><testcase classname="tests.test_code_chunker.TestChunkCodeDispatch" name="test_dispatch_ts" time="0.184" /><testcase classname="tests.test_code_chunker.TestChunkCodeDispatch" name="test_dispatch_rs" time="0.183" /><testcase classname="tests.test_code_chunker.TestChunkCodeDispatch" name="test_dispatch_unknown" time="0.195" /><testcase classname="tests.test_config.TestOllamaUrlNormalization" name="test_default_has_no_suffix" time="0.192" /><testcase classname="tests.test_config.TestOllamaUrlNormalization" name="test_normalizes_suffix_forms[http://localhost:11434/api/generate-http://localhost:11434]" time="0.137" /><testcase classname="tests.test_config.TestOllamaUrlNormalization" name="test_normalizes_suffix_forms[http://localhost:11434/api/chat-http://localhost:11434]" time="0.170" /><testcase classname="tests.test_config.TestOllamaUrlNormalization" name="test_normalizes_suffix_forms[http://localhost:11434/api/tags-http://localhost:11434]" time="0.165" /><testcase classname="tests.test_config.TestOllamaUrlNormalization" name="test_normalizes_suffix_forms[http://localhost:11434/-http://localhost:11434]" time="0.189" /><testcase classname="tests.test_config.TestOllamaUrlNormalization" name="test_normalizes_suffix_forms[http://localhost:11434/api/generate/-http://localhost:11434]" time="0.177" /><testcase classname="tests.test_config.TestOllamaUrlNormalization" name="test_normalizes_suffix_forms[http://localhost:11434-http://localhost:11434]" time="0.179" /><testcase classname="tests.test_config.TestOllamaUrlNormalization" name="test_normalizes_suffix_forms[http://my-ollama-host:11434-http://my-ollama-host:11434]" time="0.188" /><testcase classname="tests.test_config.TestOllamaUrlNormalization" name="test_warns_when_suffix_stripped" time="0.183" /><testcase classname="tests.test_config.TestOllamaUrlNormalization" name="test_no_warning_for_clean_url" time="0.190" /><testcase classname="tests.test_config.TestSupportedExtensions" name="test_epub_pptx_xlsx_xls_are_supported" time="0.184" /><testcase classname="tests.test_config.TestOcrSettings" name="test_ocr_is_off_by_default" time="0.157" /><testcase classname="tests.test_config.TestOcrSettings" name="test_enabling_without_a_tier_is_collapsed_to_off" time="0.162" /><testcase classname="tests.test_config.TestOcrSettings" name="test_enabled_survives_with_a_real_tier" time="0.164" /><testcase classname="tests.test_config.TestOcrSettings" name="test_unknown_tier_falls_back_to_none" time="0.168" /><testcase classname="tests.test_config.TestOcrSettings" name="test_tier_is_case_insensitive" time="0.218" /><testcase classname="tests.test_config.TestOcrSettings" name="test_tunables_are_clamped[PMA_OCR_DPI-10-72]" time="0.130" /><testcase classname="tests.test_config.TestOcrSettings" name="test_tunables_are_clamped[PMA_OCR_DPI-5000-600]" time="0.172" /><testcase classname="tests.test_config.TestOcrSettings" name="test_tunables_are_clamped[PMA_OCR_DPI-300-300]" time="0.219" /><testcase classname="tests.test_config.TestOcrSettings" name="test_tunables_are_clamped[PMA_OCR_CONF_FLOOR--1-0.0]" time="0.203" /><testcase classname="tests.test_config.TestOcrSettings" name="test_tunables_are_clamped[PMA_OCR_CONF_FLOOR-5-1.0]" time="0.168" /><testcase classname="tests.test_config.TestOcrSettings" name="test_tunables_are_clamped[PMA_OCR_GARBAGE_RATIO-2.5-1.0]" time="0.129" /><testcase classname="tests.test_config.TestOcrSettings" name="test_tunables_are_clamped[PMA_OCR_MAX_ATTEMPTS-0-1]" time="0.190" /><testcase classname="tests.test_config.TestOcrSettings" name="test_tunables_are_clamped[PMA_OCR_PAGE_TIMEOUT_S--5-1]" time="0.259" /><testcase classname="tests.test_context_builder_extended.TestCompressText" name="test_collapses_multiple_newlines" time="0.138" /><testcase classname="tests.test_context_builder_extended.TestCompressText" name="test_strips_surrounding_whitespace" time="0.165" /><testcase classname="tests.test_context_builder_extended.TestCompressText" name="test_empty_string" time="0.137" /><testcase classname="tests.test_context_builder_extended.TestFormatFileStats" name="test_contains_total_files" time="0.194" /><testcase classname="tests.test_context_builder_extended.TestFormatFileStats" name="test_contains_folder" time="0.151" /><testcase classname="tests.test_context_builder_extended.TestFormatFileStats" name="test_contains_file_type" time="0.188" /><testcase classname="tests.test_context_builder_extended.TestFormatFileStats" name="test_empty_by_type" time="0.179" /><testcase classname="tests.test_context_builder_extended.TestTokenCount" name="test_nonempty_returns_positive" time="0.189" /><testcase classname="tests.test_context_builder_extended.TestTokenCount" name="test_empty_returns_positive_or_zero" time="0.175" /><testcase classname="tests.test_context_builder_extended.TestTokenCount" name="test_longer_text_has_more_tokens" time="0.157" /><testcase classname="tests.test_context_builder_extended.TestTruncateToTokens" name="test_empty_text_returns_empty" time="0.179" /><testcase classname="tests.test_context_builder_extended.TestTruncateToTokens" name="test_zero_max_returns_empty" time="0.145" /><testcase classname="tests.test_context_builder_extended.TestTruncateToTokens" name="test_short_text_unchanged" time="0.179" /><testcase classname="tests.test_context_builder_extended.TestTruncateToTokens" name="test_long_text_truncated" time="0.161" /><testcase classname="tests.test_context_builder_extended.TestDeduplicateRedundant" name="test_identical_texts_deduplicated" time="0.169" /><testcase classname="tests.test_context_builder_extended.TestDeduplicateRedundant" name="test_different_texts_kept" time="0.187" /><testcase classname="tests.test_context_builder_extended.TestDeduplicateRedundant" name="test_short_texts_always_kept" time="0.162" /><testcase classname="tests.test_context_builder_extended.TestDeduplicateRedundant" name="test_empty_input" time="0.215" /><testcase classname="tests.test_context_builder_extended.TestDeduplicateByFile" name="test_max_2_per_file" time="0.134" /><testcase classname="tests.test_context_builder_extended.TestDeduplicateByFile" name="test_different_files_kept" time="0.217" /><testcase classname="tests.test_context_builder_extended.TestBuildContext" name="test_empty_all_returns_no_relevant" time="0.175" /><testcase classname="tests.test_context_builder_extended.TestBuildContext" name="test_with_results" time="0.179" /><testcase classname="tests.test_context_builder_extended.TestBuildContext" name="test_with_file_stats" time="0.156" /><testcase classname="tests.test_context_builder_extended.TestBuildContext" name="test_with_folder_profiles" time="0.196" /><testcase classname="tests.test_context_builder_extended.TestBuildContext" name="test_with_metadata_insights" time="0.159" /><testcase classname="tests.test_context_builder_extended.TestBuildContext" name="test_token_budget_respected" time="0.166" /><testcase classname="tests.test_context_builder_extended.TestBuildContext" name="test_score_threshold_filters_low_score" time="0.212" /><testcase classname="tests.test_context_builder_extended.TestBuildContext" name="test_zero_max_tokens_uses_settings_default" time="0.185" /><testcase classname="tests.test_coverage_boost" name="test_get_files_tree_groups_and_totals" time="0.173" /><testcase classname="tests.test_coverage_boost" name="test_get_files_tree_db_failure_returns_empty" time="0.182" /><testcase classname="tests.test_coverage_boost" name="test_query_history_success_and_error" time="0.164" /><testcase classname="tests.test_coverage_boost" name="test_cleanup_stale_success_and_error" time="0.172" /><testcase classname="tests.test_coverage_boost" name="test_export_index_success_and_error" time="0.213" /><testcase classname="tests.test_coverage_boost" name="test_get_system_info_non_windows" time="0.207" /><testcase classname="tests.test_coverage_boost" name="test_request_validation_helpers" time="0.174" /><testcase classname="tests.test_coverage_boost" name="test_context_builder_includes_stats_profiles_and_snippets" time="0.199" /><testcase classname="tests.test_coverage_boost" name="test_context_builder_empty_and_truncation" time="0.173" /><testcase classname="tests.test_coverage_boost" name="test_insights_service_success_and_error" time="0.261" /><testcase classname="tests.test_coverage_booster_gen2" name="test_get_app_version_importlib_fails" time="0.178" /><testcase classname="tests.test_coverage_booster_gen2" name="test_get_app_version_tomllib_fails" time="0.111" /><testcase classname="tests.test_coverage_booster_gen2" name="test_debug_query_plan_dev_mode" time="0.143" /><testcase classname="tests.test_coverage_booster_gen2" name="test_websocket_missing_token_on_server" time="0.100" /><testcase classname="tests.test_coverage_booster_gen2" name="test_websocket_loop_exception" time="0.111" /><testcase classname="tests.test_coverage_booster_gen2" name="test_docx_extractor_table_extraction" time="0.134" /><testcase classname="tests.test_coverage_booster_gen2" name="test_docx_extractor_encrypted_docx" time="0.115" /><testcase classname="tests.test_coverage_booster_gen2" name="test_json_extractor_large_file" time="0.109" /><testcase classname="tests.test_coverage_booster_gen2" name="test_ntfs_scanner_mocked_execution" time="0.146" /><testcase classname="tests.test_coverage_booster_gen2" name="test_scan_folder_mft_handling" time="0.104" /><testcase classname="tests.test_coverage_booster_gen2" name="test_scandir_walk_os_error" time="0.122" /><testcase classname="tests.test_coverage_booster_gen2" name="test_list_dir_entries_os_error" time="0.124" /><testcase classname="tests.test_coverage_booster_gen2" name="test_capability_detector" time="0.177" /><testcase classname="tests.test_coverage_booster_gen2" name="test_context_builder_edge_cases" time="0.091" /><testcase classname="tests.test_coverage_booster_gen2" name="test_context_builder_tiktoken_error" time="0.092" /><testcase classname="tests.test_coverage_booster_gen2" name="test_deduplicate_redundant_drops_heavily_overlapping_span" time="0.092" /><testcase classname="tests.test_coverage_booster_gen2" name="test_deduplicate_redundant_keeps_adjacent_overlap_windows" time="0.092" /><testcase classname="tests.test_coverage_booster_gen2" name="test_deduplicate_redundant_ignores_span_overlap_across_files" time="0.105" /><testcase classname="tests.test_coverage_booster_gen2" name="test_deduplicate_redundant_drops_identical_text_without_offsets" time="0.144" /><testcase classname="tests.test_coverage_booster_gen2" name="test_compute_context_budget" time="0.086" /><testcase classname="tests.test_coverage_booster_gen2" name="test_get_metadata_insights_latest_and_largest" time="0.098" /><testcase classname="tests.test_coverage_booster_gen2" name="test_db_manager_duplicate_migrations_and_fragmentation" time="0.115" /><testcase classname="tests.test_coverage_booster_gen2" name="test_db_manager_frozen_path" time="0.113" /><testcase classname="tests.test_coverage_booster_gen2" name="test_db_manager_savepoint_transaction_handling" time="0.127" /><testcase classname="tests.test_coverage_booster_gen2" name="test_summarizer_python_syntax_error" time="0.087" /><testcase classname="tests.test_coverage_booster_gen2" name="test_summarizer_code_regex_no_matches" time="0.121" /><testcase classname="tests.test_coverage_booster_gen2" name="test_summarizer_markdown_no_headers" time="0.090" /><testcase classname="tests.test_coverage_booster_gen2" name="test_summarizer_data_format_parsing_failing" time="0.097" /><testcase classname="tests.test_coverage_booster_gen2" name="test_summarizer_pptx_slide_outline" time="0.099" /><testcase classname="tests.test_coverage_booster_gen2" name="test_summarizer_xlsx_sheet_preview" time="0.106" /><testcase classname="tests.test_coverage_booster_gen2" name="test_summarizer_general_exception" time="0.097" /><testcase classname="tests.test_coverage_booster_gen2" name="test_get_sentence_offsets_nltk_exception" time="0.104" /><testcase classname="tests.test_coverage_booster_gen2" name="test_indexing_pipeline_taskgroup_exception" time="0.116" /><testcase classname="tests.test_coverage_booster_gen3" name="test_db_manager_coverage_booster" time="0.119" /><testcase classname="tests.test_coverage_booster_gen3" name="test_indexing_service_extract_plain_text_stream" time="0.117" /><testcase classname="tests.test_coverage_booster_gen3" name="test_scan_all_folders_rust_mocked" time="0.116" /><testcase classname="tests.test_coverage_booster_gen3" name="test_indexing_service_is_binary" time="0.088" /><testcase classname="tests.test_db_manager_extended.TestZlibDecompressFn" name="test_valid_compressed_bytes_round_trip" time="0.090" /><testcase classname="tests.test_db_manager_extended.TestZlibDecompressFn" name="test_empty_or_none_returns_empty_string" time="0.088" /><testcase classname="tests.test_db_manager_extended.TestZlibDecompressFn" name="test_string_input_passes_through_unchanged" time="0.152" /><testcase classname="tests.test_db_manager_extended.TestZlibDecompressFn" name="test_corrupt_bytes_returns_empty_and_logs_error" time="0.146" /><testcase classname="tests.test_db_manager_extended" name="test_zlib_decompress_registered_as_sql_function" time="0.428" /><testcase classname="tests.test_db_manager_extended" name="test_file_and_chunk_crud_and_counts" time="0.475" /><testcase classname="tests.test_db_manager_extended" name="test_usage_filters_stats_and_modified_map" time="0.398" /><testcase classname="tests.test_db_manager_extended" name="test_query_history_profiles" time="0.334" /><testcase classname="tests.test_db_manager_extended" name="test_cleanup_delete_prefix_clear_all_and_health" time="0.443" /><testcase classname="tests.test_db_manager_extended" name="test_cascading_deletes" time="0.374" /><testcase classname="tests.test_db_manager_more" name="test_db_vacuum_and_checkpoint" time="0.101" /><testcase classname="tests.test_db_manager_more" name="test_db_batch_operations_and_maps" time="0.139" /><testcase classname="tests.test_db_manager_more" name="test_db_graph_rag_flow" time="0.114" /><testcase classname="tests.test_db_manager_more" name="test_db_folder_profiles" time="0.177" /><testcase classname="tests.test_db_manager_more" name="test_db_insert_chunks_bulk_large" time="0.107" /><testcase classname="tests.test_dependency_integrity.TestTiktokenPresent" name="test_tiktoken_imports" time="0.090" /><testcase classname="tests.test_dependency_integrity.TestTiktokenPresent" name="test_encoding_resolves" time="0.103" /><testcase classname="tests.test_dependency_integrity.TestTiktokenPresent" name="test_get_tokens_returns_real_ids" time="0.096" /><testcase classname="tests.test_dependency_integrity.TestTiktokenPresent" name="test_token_count_is_not_the_char_heuristic" time="0.102" /><testcase classname="tests.test_dependency_integrity.TestNoHeavyTransitiveDeps" name="test_scipy_is_not_pulled_in" time="0.163" /><testcase classname="tests.test_embeddings_service.TestEmbeddingServiceInit" name="test_defaults" time="0.088" /><testcase classname="tests.test_embeddings_service.TestEmbeddingServiceInit" name="test_is_ready_false_before_load" time="0.096" /><testcase classname="tests.test_embeddings_service.TestIsReady" name="test_is_ready_after_event_set" time="0.119" /><testcase classname="tests.test_embeddings_service.TestIsReady" name="test_wait_until_ready_timeout" time="0.128" /><testcase classname="tests.test_embeddings_service.TestIsReady" name="test_wait_until_ready_success" time="0.107" /><testcase classname="tests.test_embeddings_service.TestLoadModelBackground" name="test_starts_thread" time="0.172" /><testcase classname="tests.test_embeddings_service.TestLoadModelBackground" name="test_no_double_load" time="0.119" /><testcase classname="tests.test_embeddings_service.TestLoadModelBackground" name="test_no_load_if_model_exists" time="0.134" /><testcase classname="tests.test_embeddings_service.TestEmbedQuery" name="test_embed_query_uses_cache" time="0.105" /><testcase classname="tests.test_embeddings_service.TestEmbedQuery" name="test_embed_query_populates_cache" time="0.116" /><testcase classname="tests.test_embeddings_service.TestEmbedQuery" name="test_embed_query_lru_eviction" time="0.110" /><testcase classname="tests.test_embeddings_service.TestEmbedTexts" name="test_raises_if_model_unavailable" time="0.109" /><testcase classname="tests.test_embeddings_service.TestEmbedTexts" name="test_deduplication" time="0.105" /><testcase classname="tests.test_embeddings_service.TestEmbedTexts" name="test_custom_batch_size" time="0.103" /><testcase classname="tests.test_embeddings_service.TestColdStart" name="test_cold_start_success_assertions" time="0.135" /><testcase classname="tests.test_embeddings_service.TestColdStart" name="test_cold_start_failure_assertions" time="0.143" /><testcase classname="tests.test_embeddings_service.TestIntegrityFailClosed" name="test_missing_sha256_digest_raises_valueerror" time="0.156" /><testcase classname="tests.test_embeddings_service.TestIntegrityFailClosed" name="test_unpinned_file_raises_valueerror" time="0.171" /><testcase classname="tests.test_embeddings_service.TestRepoIdOverrideAndExceptions" name="test_repo_id_override_passed_to_snapshot_download" time="0.170" /><testcase classname="tests.test_embeddings_service.TestRepoIdOverrideAndExceptions" name="test_revision_not_found_error_raises_runtime_error" time="0.121" /><testcase classname="tests.test_embeddings_service.TestBatchSizeAndSessionOptions" name="test_optimal_batch_size_matches_settings" time="0.112" /><testcase classname="tests.test_embeddings_service.TestBatchSizeAndSessionOptions" name="test_session_options_configured_correctly" time="0.216" /><testcase classname="tests.test_embeddings_service.TestBatchSizeAndSessionOptions" name="test_session_run_call_count_matches_batch_count" time="0.163" /><testcase classname="tests.test_embeddings_service.TestLengthSortedBatching" name="test_batches_partition_every_index_exactly_once" time="0.116" /><testcase classname="tests.test_embeddings_service.TestLengthSortedBatching" name="test_batches_are_ordered_by_length" time="0.112" /><testcase classname="tests.test_embeddings_service.TestLengthSortedBatching" name="test_degenerate_batch_size_does_not_hang" time="0.154" /><testcase classname="tests.test_embeddings_service.TestLengthSortedBatching" name="test_embeddings_stay_matched_to_their_own_text" time="0.719" /><testcase classname="tests.test_embeddings_service.TestLengthSortedBatching" name="test_sync_path_stays_matched_to_its_own_text" time="0.644" /><testcase classname="tests.test_exhaustive_coverage" name="test_insights_service_deep" time="0.866" /><testcase classname="tests.test_exhaustive_coverage" name="test_all_logic_deep" time="0.523" /><testcase classname="tests.test_exhaustive_coverage" name="test_metrics" time="0.172" /><testcase classname="tests.test_exhaustive_coverage" name="test_api_exhaustive" time="0.515" /><testcase classname="tests.test_extractors.TestCsvExtractor" name="test_can_handle" time="0.226" /><testcase classname="tests.test_extractors.TestCsvExtractor" name="test_basic_csv" time="0.185" /><testcase classname="tests.test_extractors.TestCsvExtractor" name="test_empty_csv" time="0.169" /><testcase classname="tests.test_extractors.TestCsvExtractor" name="test_headers_only_csv" time="0.174" /><testcase classname="tests.test_extractors.TestCsvExtractor" name="test_max_size_truncation" time="0.180" /><testcase classname="tests.test_extractors.TestCsvExtractor" name="test_corrupt_file_returns_empty" time="0.186" /><testcase classname="tests.test_extractors.TestCsvExtractor" name="test_rows_limit" time="0.188" /><testcase classname="tests.test_extractors.TestCsvExtractor" name="test_row_cap_scales_with_the_size_budget" time="0.199" /><testcase classname="tests.test_extractors.TestCsvExtractor" name="test_rows_limit_warns_on_truncation" time="0.183" /><testcase classname="tests.test_extractors.TestCsvExtractor" name="test_byte_budget_still_wins_when_it_is_tighter" time="0.205" /><testcase classname="tests.test_extractors.TestCsvExtractor" name="test_under_cap_does_not_warn" time="0.175" /><testcase classname="tests.test_extractors.TestJsonExtractor" name="test_can_handle" time="0.181" /><testcase classname="tests.test_extractors.TestJsonExtractor" name="test_basic_json_dict" time="0.158" /><testcase classname="tests.test_extractors.TestJsonExtractor" name="test_json_list" time="0.171" /><testcase classname="tests.test_extractors.TestJsonExtractor" name="test_invalid_json" time="0.277" /><testcase classname="tests.test_extractors.TestJsonExtractor" name="test_missing_file" time="0.160" /><testcase classname="tests.test_extractors.TestPdfExtractor" name="test_can_handle" time="0.174" /><testcase classname="tests.test_extractors.TestPdfExtractor" name="test_extract_success" time="0.190" /><testcase classname="tests.test_extractors.TestPdfExtractor" name="test_encrypted_pdf" time="0.185" /><testcase classname="tests.test_extractors.TestPdfExtractor" name="test_missing_file_returns_empty" time="0.565" /><testcase classname="tests.test_extractors.TestPdfExtractor" name="test_per_page_exception_skipped" time="0.261" /><testcase classname="tests.test_extractors.TestPdfExtractorOcrGate" name="test_disabled_yields_only_strings" time="0.188" /><testcase classname="tests.test_extractors.TestPdfExtractorOcrGate" name="test_fully_scanned_pdf_reports_every_page" time="0.193" /><testcase classname="tests.test_extractors.TestPdfExtractorOcrGate" name="test_mixed_pdf_reports_only_the_scanned_pages" time="0.155" /><testcase classname="tests.test_extractors.TestPdfExtractorOcrGate" name="test_meta_is_yielded_exactly_once_and_last" time="0.177" /><testcase classname="tests.test_extractors.TestPdfExtractorOcrGate" name="test_encrypted_pdf_reports_the_reason_and_queues_nothing" time="0.157" /><testcase classname="tests.test_extractors.TestPdfExtractorOcrGate" name="test_extract_still_returns_a_string" time="0.203" /><testcase classname="tests.test_extractors.TestDocxExtractor" name="test_can_handle" time="0.198" /><testcase classname="tests.test_extractors.TestDocxExtractor" name="test_extract_success" time="0.167" /><testcase classname="tests.test_extractors.TestDocxExtractor" name="test_missing_file_returns_empty" time="0.601" /><testcase classname="tests.test_extractors.TestDocxExtractor" name="test_docx_heading_hierarchy_is_preserved" time="0.238" /><testcase classname="tests.test_extractors.TestDocxExtractor" name="test_docx_heading_prefix_survives_a_broken_style" time="0.175" /><testcase classname="tests.test_extractors.TestDocxExtractor" name="test_docx_extracts_headers_footers_and_footnotes" time="0.359" /><testcase classname="tests.test_extractors.TestDocxExtractor" name="test_docx_zip_bomb_prevention" time="0.114" /><testcase classname="tests.test_extractors.TestXlsxExtractor" name="test_can_handle" time="0.172" /><testcase classname="tests.test_extractors.TestXlsxExtractor" name="test_extract_success" time="0.170" /><testcase classname="tests.test_extractors.TestXlsxExtractor" name="test_extract_xlsx_size_truncation" time="0.174" /><testcase classname="tests.test_extractors.TestXlsxExtractor" name="test_extract_legacy_xls" time="0.135" /><testcase classname="tests.test_extractors.TestXlsxExtractor" name="test_extract_legacy_xls_size_truncation" time="0.202" /><testcase classname="tests.test_extractors.TestXlsxExtractor" name="test_missing_file_returns_empty" time="0.837" /><testcase classname="tests.test_extractors.TestPptxExtractor" name="test_can_handle" time="0.169" /><testcase classname="tests.test_extractors.TestPptxExtractor" name="test_extract_success" time="0.197" /><testcase classname="tests.test_extractors.TestPptxExtractor" name="test_missing_file_returns_empty" time="0.522" /><testcase classname="tests.test_extractors.TestPptxExtractor" name="test_pptx_zip_bomb_prevention" time="0.181" /><testcase classname="tests.test_extractors.TestPptxExtractor" name="test_extract_includes_table_cells_after_title" time="0.181" /><testcase classname="tests.test_extractors.TestPptxExtractor" name="test_extract_includes_speaker_notes" time="0.157" /><testcase classname="tests.test_extractors.TestPptxExtractor" name="test_unreadable_table_does_not_abort_slide" time="0.179" /><testcase classname="tests.test_extractors.TestPptxExtractor" name="test_slide_title_survives_as_first_line_for_summarizer" time="0.187" /><testcase classname="tests.test_extractors.TestEpubExtractor" name="test_can_handle" time="0.194" /><testcase classname="tests.test_extractors.TestEpubExtractor" name="test_missing_file_returns_empty_or_error" time="0.101" /><testcase classname="tests.test_extractors.TestEpubExtractor" name="test_epub_extraction_success" time="0.213" /><testcase classname="tests.test_extractors.TestEpubExtractor" name="test_epub_strips_inline_script_and_style_content" time="0.172" /><testcase classname="tests.test_extractors.TestEpubExtractor" name="test_epub_zip_bomb_prevention" time="0.169" /><testcase classname="tests.test_extractors.TestEpubExtractor" name="test_epub_uses_opf_spine_order_not_alphabetical" time="0.206" /><testcase classname="tests.test_extractors.TestEpubExtractor" name="test_epub_falls_back_to_alphabetical_without_container_xml" time="0.168" /><testcase classname="tests.test_extractors.TestEpubExtractor" name="test_epub_falls_back_when_spine_references_missing_entries" time="0.194" /><testcase classname="tests.test_extractors.TestExtractorRegistry" name="test_all_extractors_are_loaded" time="0.171" /><testcase classname="tests.test_extractors.TestExtractorRegistry" name="test_each_extractor_has_can_handle_and_extract" time="0.203" /><testcase classname="tests.test_extractors.TestExtractorRegistry" name="test_only_one_extractor_handles_each_type" time="0.143" /><testcase classname="tests.test_fast_path" name="test_planner_detects_inventory" time="0.184" /><testcase classname="tests.test_fast_path" name="test_planner_detects_project" time="0.123" /><testcase classname="tests.test_fast_path" name="test_planner_detects_full_rag" time="0.196" /><testcase classname="tests.test_fast_path" name="test_planner_fallback" time="0.181" /><testcase classname="tests.test_finetune" name="test_finetune_insufficient_data" time="0.526" /><testcase classname="tests.test_finetune" name="test_finetune_success" time="0.515" /><testcase classname="tests.test_finetune" name="test_main_method" time="0.138" /><testcase classname="tests.test_finetune" name="test_main_method_skipped" time="0.225" /><testcase classname="tests.test_folder_profiler.TestIndicatorMatches" name="test_ext_match" time="0.206" /><testcase classname="tests.test_folder_profiler.TestIndicatorMatches" name="test_ext_no_match" time="0.199" /><testcase classname="tests.test_folder_profiler.TestIndicatorMatches" name="test_file_match" time="0.160" /><testcase classname="tests.test_folder_profiler.TestIndicatorMatches" name="test_file_no_match" time="0.159" /><testcase classname="tests.test_folder_profiler.TestIndicatorMatches" name="test_dir_match" time="0.181" /><testcase classname="tests.test_folder_profiler.TestIndicatorMatches" name="test_dir_no_match" time="0.201" /><testcase classname="tests.test_folder_profiler.TestIndicatorMatches" name="test_unknown_kind_returns_false" time="0.186" /><testcase classname="tests.test_folder_profiler.TestCollectProjectMarkers" name="test_collects_extensions" time="0.176" /><testcase classname="tests.test_folder_profiler.TestCollectProjectMarkers" name="test_collects_filenames" time="0.174" /><testcase classname="tests.test_folder_profiler.TestCollectProjectMarkers" name="test_collects_directory" time="0.239" /><testcase classname="tests.test_folder_profiler.TestDominantExtension" name="test_dominant_extension_returned" time="0.206" /><testcase classname="tests.test_folder_profiler.TestDominantExtension" name="test_no_extensions_returns_none" time="0.203" /><testcase classname="tests.test_folder_profiler.TestDominantExtension" name="test_empty_files_returns_none" time="0.169" /><testcase classname="tests.test_folder_profiler.TestDetectProjectType" name="test_python_project" time="0.195" /><testcase classname="tests.test_folder_profiler.TestDetectProjectType" name="test_unknown_project" time="0.141" /><testcase classname="tests.test_folder_profiler.TestDetectProjectType" name="test_empty_folder" time="0.252" /><testcase classname="tests.test_folder_profiler.TestBuildFolderProfile" name="test_basic_profile" time="0.188" /><testcase classname="tests.test_folder_profiler.TestBuildFolderProfile" name="test_profile_with_key_files" time="0.202" /><testcase classname="tests.test_folder_profiler.TestBuildFolderProfile" name="test_profile_total_size" time="0.212" /><testcase classname="tests.test_folder_profiler.TestBuildFolderProfile" name="test_profile_excludes_files_outside_folder" time="0.190" /><testcase classname="tests.test_folder_profiler.TestResolveFolderOverlaps" name="test_removes_child_when_parent_present" time="0.222" /><testcase classname="tests.test_folder_profiler.TestResolveFolderOverlaps" name="test_keeps_independent_folders" time="0.260" /><testcase classname="tests.test_folder_profiler.TestResolveFolderOverlaps" name="test_strips_quotes" time="0.217" /><testcase classname="tests.test_folder_profiler.TestResolveFolderOverlaps" name="test_nonexistent_folders_excluded" time="0.197" /><testcase classname="tests.test_folder_profiler.TestResolveFolderOverlaps" name="test_empty_list" time="0.203" /><testcase classname="tests.test_folder_profiler.TestResolveFolderOverlaps" name="test_whitespace_stripped" time="0.192" /><testcase classname="tests.test_folder_profiler" name="test_generate_folder_profiles_async" time="0.180" /><testcase classname="tests.test_folder_profiler" name="test_generate_folder_profiles_async_handles_error" time="0.240" /><testcase classname="tests.test_folder_watcher" name="test_watches_only_folders_the_user_already_indexed" time="0.265" /><testcase classname="tests.test_folder_watcher" name="test_skips_roots_that_no_longer_exist" time="0.193" /><testcase classname="tests.test_folder_watcher" name="test_no_indexed_folders_means_no_work" time="0.156" /><testcase classname="tests.test_folder_watcher" name="test_unreadable_database_does_not_raise" time="0.162" /><testcase classname="tests.test_folder_watcher" name="test_skips_while_a_manual_index_is_running" time="0.183" /><testcase classname="tests.test_folder_watcher" name="test_a_failing_cycle_does_not_kill_the_loop" time="0.163" /><testcase classname="tests.test_folder_watcher" name="test_disabled_watcher_does_not_start" time="0.181" /><testcase classname="tests.test_folder_watcher" name="test_start_is_idempotent_and_stop_is_clean" time="0.162" /><testcase classname="tests.test_folder_watcher" name="test_stop_before_start_is_safe" time="0.132" /><testcase classname="tests.test_indexing_endpoints" name="test_indexing_endpoints_lifecycle" time="0.415" /><testcase classname="tests.test_indexing_endpoints" name="test_indexing_blocked_and_invalid_folders" time="0.297" /><testcase classname="tests.test_indexing_service_extended" name="test_index_folders_always_releases_the_progress_flag" time="0.192" /><testcase classname="tests.test_indexing_service_extended" name="test_project_detection_and_overlap_resolution" time="0.257" /><testcase classname="tests.test_indexing_service_extended" name="test_folder_profile_and_chunk_helpers" time="0.154" /><testcase classname="tests.test_indexing_service_extended" name="test_stream_extract_and_prepare" time="0.221" /><testcase classname="tests.test_indexing_service_extended" name="test_stream_pump_unblocks_on_cancellation" time="0.223" /><testcase classname="tests.test_indexing_service_extended" name="test_flush_pending_chunks_releases_source_payloads[portable-False-False]" time="0.170" /><testcase classname="tests.test_indexing_service_extended" name="test_flush_pending_chunks_releases_source_payloads[split_brain-False-True]" time="0.159" /><testcase classname="tests.test_indexing_service_extended" name="test_flush_pending_chunks_releases_source_payloads[portable-True-True]" time="0.161" /><testcase classname="tests.test_indexing_service_extended" name="test_scan_index_file_and_profiles" time="0.342" /><testcase classname="tests.test_indexing_service_extended" name="test_extract_monolithic_and_chunking" time="0.217" /><testcase classname="tests.test_indexing_service_extended" name="test_cancellation_awareness" time="0.489" /><testcase classname="tests.test_indexing_service_extended" name="test_update_path_deletes_old_chunks" time="0.498" /><testcase classname="tests.test_insights" name="test_insights_endpoints" time="0.247" /><testcase classname="tests.test_insights" name="test_files_tree_endpoint" time="0.278" /><testcase classname="tests.test_insights" name="test_visualizer_binary_stream_endpoint" time="0.220" /><testcase classname="tests.test_keyring_token" name="test_token_already_in_environment" time="0.255" /><testcase classname="tests.test_keyring_token" name="test_token_retrieved_from_keyring" time="0.211" /><testcase classname="tests.test_keyring_token" name="test_token_generated_and_stored_in_keyring" time="0.158" /><testcase classname="tests.test_keyring_token" name="test_keyring_exception_fallback" time="0.171" /><testcase classname="tests.test_lancedb_client_real" name="test_normalize_rows" time="0.184" /><testcase classname="tests.test_lancedb_client_real" name="test_clean_value" time="0.165" /><testcase classname="tests.test_lancedb_client_real" name="test_arrow_table_to_search_result_none" time="0.164" /><testcase classname="tests.test_lancedb_client_real" name="test_arrow_table_to_search_result_empty_table" time="0.184" /><testcase classname="tests.test_lancedb_client_real" name="test_arrow_table_to_search_result_pandas_fallback" time="0.218" /><testcase classname="tests.test_lancedb_client_real" name="test_lancedb_client_full_lifecycle" time="0.462" /><testcase classname="tests.test_llm_client_providers" name="test_llm_client_ensure_token_loaded" time="0.292" /><testcase classname="tests.test_llm_client_providers" name="test_llm_client_load_keyring_keys" time="0.232" /><testcase classname="tests.test_llm_client_providers" name="test_refresh_token_if_expired" time="0.806" /><testcase classname="tests.test_llm_client_providers" name="test_load_oauth_token" time="0.308" /><testcase classname="tests.test_llm_client_providers" name="test_get_model_class" time="0.168" /><testcase classname="tests.test_llm_client_providers" name="test_load_runtime_preferences" time="0.206" /><testcase classname="tests.test_llm_client_providers" name="test_apply_preferences" time="0.236" /><testcase classname="tests.test_llm_client_providers" name="test_build_prompt" time="0.216" /><testcase classname="tests.test_llm_client_providers" name="test_check_ollama_health" time="0.721" /><testcase classname="tests.test_llm_client_providers" name="test_check_lm_studio_health" time="0.647" /><testcase classname="tests.test_llm_client_providers" name="test_resolve_provider_by_id_blocks_cloud_without_consent" time="0.223" /><testcase classname="tests.test_llm_client_providers" name="test_resolve_provider_by_id_allows_cloud_with_consent" time="0.204" /><testcase classname="tests.test_llm_client_providers" name="test_resolve_provider_by_id_does_not_gate_local_providers" time="0.232" /><testcase classname="tests.test_llm_client_providers" name="test_a_local_provider_aimed_off_box_still_needs_consent" time="0.243" /><testcase classname="tests.test_llm_client_providers" name="test_a_lan_address_counts_as_off_box" time="0.202" /><testcase classname="tests.test_llm_client_providers" name="test_a_local_provider_on_loopback_is_still_ungated" time="0.154" /><testcase classname="tests.test_llm_client_providers.TestEffectiveFallbackChain" name="test_no_settings_file_uses_the_default_chain" time="0.213" /><testcase classname="tests.test_llm_client_providers.TestEffectiveFallbackChain" name="test_saved_chain_is_honoured_when_providers_are_configured" time="0.213" /><testcase classname="tests.test_llm_client_providers.TestEffectiveFallbackChain" name="test_unconfigured_entries_are_filtered_out" time="0.267" /><testcase classname="tests.test_llm_client_providers.TestEffectiveFallbackChain" name="test_chain_with_nothing_configured_falls_back_to_default" time="0.181" /><testcase classname="tests.test_llm_client_providers.TestEffectiveFallbackChain" name="test_stale_schema_version_is_ignored" time="0.141" /><testcase classname="tests.test_llm_client_providers" name="test_generate_answer" time="0.242" /><testcase classname="tests.test_llm_client_providers" name="test_call_gemini_success" time="0.452" /><testcase classname="tests.test_llm_client_providers" name="test_call_gemini_oauth_success" time="0.478" /><testcase classname="tests.test_llm_client_providers" name="test_call_gemini_api_error" time="0.497" /><testcase classname="tests.test_llm_client_providers" name="test_call_ollama" time="0.521" /><testcase classname="tests.test_llm_client_providers" name="test_stream_ollama" time="0.455" /><testcase classname="tests.test_llm_client_providers" name="test_call_lm_studio_success" time="0.427" /><testcase classname="tests.test_llm_client_providers" name="test_stream_gemini_success" time="0.491" /><testcase classname="tests.test_llm_client_providers" name="test_stream_gemini_error" time="0.422" /><testcase classname="tests.test_llm_client_providers" name="test_stream_lm_studio_success" time="0.422" /><testcase classname="tests.test_llm_client_providers" name="test_stream_lm_studio_error" time="0.384" /><testcase classname="tests.test_llm_client_providers" name="test_stream_answer_monitoring" time="0.221" /><testcase classname="tests.test_m3_optimizations" name="test_sqlite_pragmas_and_wal" time="0.243" /><testcase classname="tests.test_m3_optimizations" name="test_lancedb_table_caching_and_deferral" time="0.206" /><testcase classname="tests.test_m3_optimizations" name="test_embedder_worker_batches_across_file_boundaries" time="0.202" /><testcase classname="tests.test_m3_optimizations" name="test_embedder_worker_flushes_at_threshold_and_keeps_order" time="0.166" /><testcase classname="tests.test_m3_optimizations" name="test_embedder_worker_sends_sentinel_when_embedding_fails" time="0.163" /><testcase classname="tests.test_m3_optimizations" name="test_storer_worker_commit_once_per_file" time="0.394" /><testcase classname="tests.test_main" name="test_read_root" time="0.198" /><testcase classname="tests.test_main" name="test_health_check" time="0.272" /><testcase classname="tests.test_main" name="test_index_status" time="0.198" /><testcase classname="tests.test_main" name="test_query_validation_error" time="0.202" /><testcase classname="tests.test_main" name="test_index_start_validation_error" time="0.208" /><testcase classname="tests.test_main" name="test_react_assets_served_correctly" time="0.274" /><testcase classname="tests.test_main" name="test_spa_catchall_returns_html_for_unknown_routes" time="0.170" /><testcase classname="tests.test_main" name="test_system_info_endpoint" time="0.195" /><testcase classname="tests.test_main" name="test_query_history_endpoint" time="0.193" /><testcase classname="tests.test_main" name="test_files_tree_endpoint" time="0.237" /><testcase classname="tests.test_modules_ws" name="test_websocket_connection_unauthorized" time="0.229" /><testcase classname="tests.test_modules_ws" name="test_websocket_connection_authorized" time="0.171" /><testcase classname="tests.test_modules_ws" name="test_websocket_new_actions" time="0.233" /><testcase classname="tests.test_ocr_api" name="test_status_is_available_with_ocr_disabled" time="0.274" /><testcase classname="tests.test_ocr_api" name="test_queue_is_empty_by_default" time="0.211" /><testcase classname="tests.test_ocr_api" name="test_queue_reports_enqueued_work" time="0.210" /><testcase classname="tests.test_ocr_api" name="test_queue_status_filter" time="0.219" /><testcase classname="tests.test_ocr_api" name="test_install_status_is_readable" time="0.237" /><testcase classname="tests.test_ocr_api" name="test_enable_refuses_when_no_tier_is_installed" time="0.239" /><testcase classname="tests.test_ocr_api" name="test_disable_always_works" time="0.596" /><testcase classname="tests.test_ocr_api" name="test_retry_on_an_unknown_file_is_rejected" time="0.216" /><testcase classname="tests.test_ocr_api" name="test_retry_rearms_a_failed_row" time="0.200" /><testcase classname="tests.test_ocr_api" name="test_force_ocr_on_an_unindexed_file_is_rejected" time="0.170" /><testcase classname="tests.test_ocr_api" name="test_clear_queue" time="0.228" /><testcase classname="tests.test_ocr_api" name="test_clear_cache" time="0.253" /><testcase classname="tests.test_ocr_api" name="test_file_path_length_is_bounded" time="0.210" /><testcase classname="tests.test_ocr_gate" name="test_native_returns_before_touching_resources" time="0.150" /><testcase classname="tests.test_ocr_gate" name="test_native_page_with_image_is_still_native" time="0.166" /><testcase classname="tests.test_ocr_gate" name="test_scanned_page_with_no_text_goes_to_ocr" time="0.202" /><testcase classname="tests.test_ocr_gate" name="test_mojibake_over_threshold_still_goes_to_ocr" time="0.131" /><testcase classname="tests.test_ocr_gate" name="test_text_as_outlines_goes_to_ocr" time="0.205" /><testcase classname="tests.test_ocr_gate" name="test_short_text_with_logo_is_the_documented_false_positive" time="0.175" /><testcase classname="tests.test_ocr_gate" name="test_empty_page_is_blank" time="0.203" /><testcase classname="tests.test_ocr_gate" name="test_page_with_no_resources_at_all_is_blank" time="0.172" /><testcase classname="tests.test_ocr_gate" name="test_form_xobject_is_not_counted_as_an_image" time="0.167" /><testcase classname="tests.test_ocr_gate" name="test_malformed_resources_degrade_to_zero_images" time="0.173" /><testcase classname="tests.test_ocr_gate" name="test_one_bad_xobject_entry_does_not_lose_the_others" time="0.183" /><testcase classname="tests.test_ocr_gate" name="test_content_stream_array_lengths_are_summed" time="0.169" /><testcase classname="tests.test_ocr_gate" name="test_clean_text_scores_low[Perfectly ordinary English text, with punctuation!]" time="0.180" /><testcase classname="tests.test_ocr_gate" name="test_clean_text_scores_low[\u3053\u308c\u306f\u65e5\u672c\u8a9e\u306e\u30c6\u30ad\u30b9\u30c8\u3067\u3059\u3002]" time="0.160" /><testcase classname="tests.test_ocr_gate" name="test_clean_text_scores_low[\ud55c\uad6d\uc5b4 \ud14d\uc2a4\ud2b8\uc785\ub2c8\ub2e4]" time="0.179" /><testcase classname="tests.test_ocr_gate" name="test_clean_text_scores_low[R\xe9sum\xe9 na\xefve caf\xe9 \u2014 em-dash and accents]" time="0.170" /><testcase classname="tests.test_ocr_gate" name="test_empty_text_scores_as_fully_garbage[]" time="0.218" /><testcase classname="tests.test_ocr_gate" name="test_empty_text_scores_as_fully_garbage[   \n\t  ]" time="0.191" /><testcase classname="tests.test_ocr_gate" name="test_replacement_characters_score_high" time="0.247" /><testcase classname="tests.test_ocr_gate" name="test_control_characters_score_high" time="0.182" /><testcase classname="tests.test_ocr_indexing_path" name="test_chunks_are_written_with_ocr_provenance" time="0.355" /><testcase classname="tests.test_ocr_indexing_path" name="test_ocr_text_becomes_searchable_via_fts" time="0.416" /><testcase classname="tests.test_ocr_indexing_path" name="test_low_confidence_lines_are_excluded_from_the_index" time="0.318" /><testcase classname="tests.test_ocr_indexing_path" name="test_reindexing_replaces_only_ocr_chunks" time="0.460" /><testcase classname="tests.test_ocr_indexing_path" name="test_failed_insert_does_not_destroy_the_previous_ocr_text" time="0.419" /><testcase classname="tests.test_ocr_indexing_path" name="test_a_scan_that_yields_nothing_keeps_the_previous_text" time="0.343" /><testcase classname="tests.test_ocr_indexing_path" name="test_missing_file_row_is_a_clean_noop" time="0.198" /><testcase classname="tests.test_ocr_indexing_path" name="test_pages_with_no_indexable_text_write_nothing" time="0.215" /><testcase classname="tests.test_ocr_indexing_path" name="test_vectors_carry_the_folder_tag" time="0.363" /><testcase classname="tests.test_ocr_indexing_path" name="test_pages_are_indexed_in_page_order" time="0.343" /><testcase classname="tests.test_ocr_indexing_path" name="test_refuses_to_run_while_indexing_is_active" time="0.303" /><testcase classname="tests.test_ocr_manager" name="test_happy_path_indexes_every_page" time="0.444" /><testcase classname="tests.test_ocr_manager" name="test_results_are_cached_and_reused" time="0.350" /><testcase classname="tests.test_ocr_manager" name="test_partial_results_survive_a_crash" time="0.356" /><testcase classname="tests.test_ocr_manager" name="test_silent_worker_hits_the_doc_timeout_and_is_killed" time="2.540" /><testcase classname="tests.test_ocr_manager" name="test_protocol_mismatch_marks_the_tier_unhealthy" time="0.617" /><testcase classname="tests.test_ocr_manager" name="test_noisy_stderr_does_not_deadlock" time="0.429" /><testcase classname="tests.test_ocr_manager" name="test_document_that_produced_nothing_is_not_marked_done" time="0.377" /><testcase classname="tests.test_ocr_manager" name="test_sentinel_hash_skips_the_document[]" time="0.228" /><testcase classname="tests.test_ocr_manager" name="test_sentinel_hash_skips_the_document[ERROR]" time="0.170" /><testcase classname="tests.test_ocr_manager" name="test_sentinel_hash_skips_the_document[CANCELLED]" time="0.234" /><testcase classname="tests.test_ocr_manager" name="test_indexer_going_busy_mid_write_refunds_the_claim" time="0.411" /><testcase classname="tests.test_ocr_manager" name="test_deleted_file_is_skipped" time="0.224" /><testcase classname="tests.test_ocr_manager" name="test_drain_loop_waits_while_indexing_runs" time="0.373" /><testcase classname="tests.test_ocr_manager" name="test_ndjson_truncated_tail_is_tolerated" time="0.204" /><testcase classname="tests.test_ocr_manager" name="test_missing_ndjson_returns_nothing" time="0.158" /><testcase classname="tests.test_ocr_manager" name="test_conf_floor_is_reapplied_when_reading_worker_output" time="0.222" /><testcase classname="tests.test_ocr_protocol" name="test_protocol_imports_are_stdlib_only" time="0.183" /><testcase classname="tests.test_ocr_protocol" name="test_protocol_has_no_relative_imports" time="0.192" /><testcase classname="tests.test_ocr_protocol" name="test_worker_imports_are_stdlib_only[__main__.py]" time="0.230" /><testcase classname="tests.test_ocr_protocol" name="test_worker_imports_are_stdlib_only[engine.py]" time="0.159" /><testcase classname="tests.test_ocr_protocol" name="test_worker_imports_are_stdlib_only[postproc.py]" time="0.227" /><testcase classname="tests.test_ocr_protocol" name="test_worker_imports_are_stdlib_only[raster.py]" time="0.186" /><testcase classname="tests.test_ocr_protocol" name="test_worker_files_are_flat" time="0.145" /><testcase classname="tests.test_ocr_protocol" name="test_encode_decode_round_trip" time="0.189" /><testcase classname="tests.test_ocr_protocol" name="test_encode_is_newline_terminated" time="0.149" /><testcase classname="tests.test_ocr_protocol" name="test_encode_preserves_non_ascii_paths" time="0.145" /><testcase classname="tests.test_ocr_protocol" name="test_decode_rejects_malformed_lines[]" time="0.196" /><testcase classname="tests.test_ocr_protocol" name="test_decode_rejects_malformed_lines[   \n]" time="0.212" /><testcase classname="tests.test_ocr_protocol" name="test_decode_rejects_malformed_lines[not json at all]" time="0.193" /><testcase classname="tests.test_ocr_protocol" name="test_decode_rejects_malformed_lines[{&quot;t&quot;:&quot;doc&quot;]" time="0.164" /><testcase classname="tests.test_ocr_protocol" name="test_decode_rejects_malformed_lines[[1, 2, 3]]" time="0.159" /><testcase classname="tests.test_ocr_protocol" name="test_decode_rejects_malformed_lines[{&quot;no_kind&quot;: true}]" time="0.128" /><testcase classname="tests.test_ocr_protocol" name="test_error_classes_are_disjoint" time="0.171" /><testcase classname="tests.test_ocr_protocol" name="test_page_level_errors_are_not_fatal" time="0.220" /><testcase classname="tests.test_ocr_protocol" name="test_protocol_mismatch_is_fatal" time="0.200" /><testcase classname="tests.test_ocr_protocol" name="test_version_is_an_int" time="0.195" /><testcase classname="tests.test_ocr_queue_cache" name="test_enqueue_claim_done_lifecycle" time="0.278" /><testcase classname="tests.test_ocr_queue_cache" name="test_claim_returns_none_when_queue_is_empty" time="0.206" /><testcase classname="tests.test_ocr_queue_cache" name="test_claim_does_not_hand_out_the_same_row_twice" time="0.188" /><testcase classname="tests.test_ocr_queue_cache" name="test_claim_is_oldest_first" time="0.213" /><testcase classname="tests.test_ocr_queue_cache" name="test_attempts_accumulate_and_then_exhaust" time="0.189" /><testcase classname="tests.test_ocr_queue_cache" name="test_release_claim_refunds_the_attempt" time="0.225" /><testcase classname="tests.test_ocr_queue_cache" name="test_release_claim_does_not_underflow_attempts" time="0.243" /><testcase classname="tests.test_ocr_queue_cache" name="test_requeue_clears_the_attempt_budget" time="0.178" /><testcase classname="tests.test_ocr_queue_cache" name="test_reenqueue_resets_progress_and_attempts" time="0.206" /><testcase classname="tests.test_ocr_queue_cache" name="test_enqueue_with_no_pages_is_a_noop" time="0.171" /><testcase classname="tests.test_ocr_queue_cache" name="test_reset_running_recovers_orphaned_rows" time="0.214" /><testcase classname="tests.test_ocr_queue_cache" name="test_counts_reports_pages_pending" time="0.176" /><testcase classname="tests.test_ocr_queue_cache" name="test_list_queue_filters_by_status" time="0.278" /><testcase classname="tests.test_ocr_queue_cache" name="test_cache_round_trip_preserves_low_flags" time="0.237" /><testcase classname="tests.test_ocr_queue_cache" name="test_cache_miss_is_absent_not_empty" time="0.197" /><testcase classname="tests.test_ocr_queue_cache" name="test_sentinel_content_keys_are_never_cached[]" time="0.265" /><testcase classname="tests.test_ocr_queue_cache" name="test_sentinel_content_keys_are_never_cached[ERROR]" time="0.188" /><testcase classname="tests.test_ocr_queue_cache" name="test_sentinel_content_keys_are_never_cached[CANCELLED]" time="0.201" /><testcase classname="tests.test_ocr_queue_cache" name="test_failed_page_with_no_text_is_not_cached" time="0.205" /><testcase classname="tests.test_ocr_queue_cache" name="test_model_version_change_invalidates_the_cache" time="0.195" /><testcase classname="tests.test_ocr_queue_cache" name="test_pages_are_read_back_only_under_the_engine_that_wrote_them" time="0.205" /><testcase classname="tests.test_ocr_queue_cache" name="test_cpu_engine_identity_is_unqualified" time="0.243" /><testcase classname="tests.test_ocr_queue_cache" name="test_preproc_change_invalidates_the_cache" time="0.224" /><testcase classname="tests.test_ocr_queue_cache" name="test_corrupt_cache_row_degrades_gracefully" time="0.205" /><testcase classname="tests.test_ocr_queue_cache" name="test_evict_lru_drops_oldest_first_and_lands_under_target" time="0.228" /><testcase classname="tests.test_ocr_queue_cache" name="test_evict_is_a_noop_under_the_cap" time="0.195" /><testcase classname="tests.test_ocr_queue_cache" name="test_get_pages_refreshes_last_used_at" time="0.258" /><testcase classname="tests.test_ocr_queue_cache" name="test_clear_cache_resets_the_byte_counter" time="0.194" /><testcase classname="tests.test_ocr_raster_png" name="test_renders_a_page_to_png_bytes" time="0.428" /><testcase classname="tests.test_ocr_raster_png" name="test_dpi_changes_the_rendered_size" time="0.216" /><testcase classname="tests.test_ocr_raster_png" name="test_a_missing_page_raises_rather_than_returning_empty" time="0.203" /><testcase classname="tests.test_ocr_raster_png" name="test_a_file_that_is_not_a_pdf_raises" time="0.187" /><testcase classname="tests.test_ocr_raster_png" name="test_a_missing_file_raises" time="0.217" /><testcase classname="tests.test_ocr_raster_png" name="test_an_absurd_dpi_is_refused_rather_than_allocated" time="0.224" /><testcase classname="tests.test_ocr_raster_png" name="test_the_render_is_legible" time="0.173"><skipped type="pytest.skip" message="OCR engine not in this venv">D:\projects\Personal_Memory_Assistant\tests\test_ocr_raster_png.py:61: OCR engine not in this venv</skipped></testcase><testcase classname="tests.test_ocr_registry" name="test_find_uv_prefers_path" time="0.248" /><testcase classname="tests.test_ocr_registry" name="test_find_uv_returns_none_when_absent" time="0.169" /><testcase classname="tests.test_ocr_registry" name="test_find_uv_checks_known_install_locations" time="0.185" /><testcase classname="tests.test_ocr_registry" name="test_empty_env_root_never_yields_a_relative_path" time="0.196" /><testcase classname="tests.test_ocr_registry" name="test_sync_copies_worker_and_protocol" time="0.281" /><testcase classname="tests.test_ocr_registry" name="test_sync_writes_a_stamp_with_the_protocol_version" time="0.353" /><testcase classname="tests.test_ocr_registry" name="test_sync_is_a_noop_when_the_stamp_matches" time="0.318" /><testcase classname="tests.test_ocr_registry" name="test_sync_recopies_when_the_stamp_is_stale" time="0.182" /><testcase classname="tests.test_ocr_registry" name="test_sync_fails_loudly_when_sources_are_missing" time="0.365" /><testcase classname="tests.test_ocr_registry" name="test_sweep_removes_stale_install_dirs" time="0.246" /><testcase classname="tests.test_ocr_registry" name="test_install_without_uv_spawns_nothing" time="0.165" /><testcase classname="tests.test_ocr_registry" name="test_install_cleans_up_its_temp_dir_on_failure" time="0.150" /><testcase classname="tests.test_ocr_registry" name="test_ocr_models_ride_in_on_the_pinned_wheel" time="0.191" /><testcase classname="tests.test_ocr_registry" name="test_free_space_preflight_refuses_before_doing_work" time="0.190" /><testcase classname="tests.test_ocr_registry" name="test_free_space_preflight_does_not_block_when_it_cannot_measure" time="0.246" /><testcase classname="tests.test_ocr_registry" name="test_model_fetch_caches_inside_our_own_tree" time="0.246" /><testcase classname="tests.test_ocr_registry" name="test_smoke_fixture_is_a_readable_one_page_pdf" time="0.223" /><testcase classname="tests.test_ocr_registry" name="test_smoke_matcher_catches_a_wrong_dictionary_but_tolerates_a_typo" time="0.241" /><testcase classname="tests.test_ocr_registry" name="test_smoke_text_reader_matches_the_format_the_worker_actually_writes" time="0.177" /><testcase classname="tests.test_ocr_registry" name="test_smoke_text_reader_tolerates_a_truncated_ndjson" time="0.193" /><testcase classname="tests.test_ocr_registry" name="test_gpu_tier_never_pins_the_cpu_onnxruntime" time="0.263" /><testcase classname="tests.test_ocr_registry" name="test_gpu_tier_is_refused_off_windows" time="0.224" /><testcase classname="tests.test_ocr_registry" name="test_install_refuses_an_unavailable_tier" time="0.180" /><testcase classname="tests.test_ocr_registry" name="test_install_refuses_an_unknown_tier" time="0.190" /><testcase classname="tests.test_ocr_registry" name="test_model_fetch_rejects_a_bad_digest" time="0.219" /><testcase classname="tests.test_ocr_registry" name="test_opencv_pin_matches_the_distribution_rapidocr_requires" time="0.194" /><testcase classname="tests.test_ocr_registry" name="test_ocr_lockfile_entries_are_fully_pinned" time="0.210" /><testcase classname="tests.test_ocr_registry" name="test_every_downloaded_tier_model_is_in_the_lockfile" time="0.229" /><testcase classname="tests.test_ocr_registry" name="test_uninstall_keeps_user_supplied_weights" time="0.297" /><testcase classname="tests.test_ocr_registry" name="test_detect_installed_tier_is_empty_when_nothing_is_provisioned" time="0.242" /><testcase classname="tests.test_ocr_registry" name="test_installed_tier_is_adopted_even_when_env_says_none" time="0.192" /><testcase classname="tests.test_ocr_registry" name="test_uninstalled_tier_forces_ocr_off" time="0.142" /><testcase classname="tests.test_ocr_registry" name="test_persist_enabled_round_trips" time="0.280" /><testcase classname="tests.test_ocr_registry" name="test_a_broken_settings_file_does_not_break_boot" time="0.246" /><testcase classname="tests.test_ocr_registry" name="test_tier_status_is_readable_with_nothing_installed" time="0.222" /><testcase classname="tests.test_ocr_vlm" name="test_a_plain_transcription_becomes_lines" time="0.245" /><testcase classname="tests.test_ocr_vlm" name="test_confidence_is_uniform_and_above_the_floor" time="0.294" /><testcase classname="tests.test_ocr_vlm" name="test_markdown_fences_are_stripped" time="0.176" /><testcase classname="tests.test_ocr_vlm" name="test_a_lead_in_sentence_is_dropped" time="0.176" /><testcase classname="tests.test_ocr_vlm" name="test_commentary_is_refused_rather_than_indexed" time="0.216" /><testcase classname="tests.test_ocr_vlm" name="test_description_style_replies_are_caught[The image shows a scanned invoice with a logo.]" time="0.193" /><testcase classname="tests.test_ocr_vlm" name="test_description_style_replies_are_caught[As an AI, I am unable to process this.]" time="0.196" /><testcase classname="tests.test_ocr_vlm" name="test_description_style_replies_are_caught[This appears to be a photograph of a document.]" time="0.226" /><testcase classname="tests.test_ocr_vlm" name="test_real_text_starting_with_a_similar_phrase_is_kept" time="0.201" /><testcase classname="tests.test_ocr_vlm" name="test_an_empty_reply_is_a_blank_page_not_an_error" time="0.174" /><testcase classname="tests.test_ocr_vlm" name="test_blank_lines_inside_a_page_are_dropped" time="0.169" /><testcase classname="tests.test_ocr_vlm" name="test_the_vlm_cache_identity_names_the_model" time="0.174" /><testcase classname="tests.test_planner.TestFastMetadataPath" name="test_routes_to_fast_metadata[how many files do I have indexed]" time="0.172" /><testcase classname="tests.test_planner.TestFastMetadataPath" name="test_routes_to_fast_metadata[total size of my library]" time="0.178" /><testcase classname="tests.test_planner.TestFastMetadataPath" name="test_routes_to_fast_metadata[how much disk space am I using]" time="0.190" /><testcase classname="tests.test_planner.TestFastMetadataPath" name="test_routes_to_fast_metadata[storage used by PMA]" time="0.175" /><testcase classname="tests.test_planner.TestFastMetadataPath" name="test_routes_to_fast_metadata[how much is indexed]" time="0.185" /><testcase classname="tests.test_planner.TestFastMetadataPath" name="test_routes_to_fast_metadata[what is my index size]" time="0.295" /><testcase classname="tests.test_planner.TestFastMetadataPath" name="test_routes_to_fast_metadata[how large is my index]" time="0.207" /><testcase classname="tests.test_planner.TestFastMetadataPath" name="test_routes_to_fast_metadata[file count]" time="0.164" /><testcase classname="tests.test_planner.TestFastMetadataPath" name="test_routes_to_fast_metadata[how much space does it take]" time="0.175" /><testcase classname="tests.test_planner.TestFastMetadataPath" name="test_routes_to_fast_metadata[total indexed files]" time="0.170" /><testcase classname="tests.test_planner.TestFastMetadataPath" name="test_routes_to_fast_metadata[what's in my index]" time="0.178" /><testcase classname="tests.test_planner.TestFastMetadataPath" name="test_routes_to_fast_metadata[whats in my index]" time="0.183" /><testcase classname="tests.test_planner.TestFastMetadataPath" name="test_routes_to_fast_metadata[how big is my storage]" time="0.203" /><testcase classname="tests.test_planner.TestFastMetadataPath" name="test_routes_to_fast_metadata[storage usage report]" time="0.180" /><testcase classname="tests.test_planner.TestFastMetadataPath" name="test_routes_to_fast_metadata[how much space used]" time="0.182" /><testcase classname="tests.test_planner.TestFastMetadataPath" name="test_routes_to_fast_metadata[how many files are stored]" time="0.154" /><testcase classname="tests.test_planner.TestFastMetadataPath" name="test_routes_to_fast_metadata[how much memory is used by the index]" time="0.200" /><testcase classname="tests.test_planner.TestFastMetadataPath" name="test_routes_to_fast_metadata[how large is the file collection]" time="0.175" /><testcase classname="tests.test_planner.TestFastMetadataPath" name="test_routes_to_fast_metadata[how many files have been indexed so far]" time="0.215" /><testcase classname="tests.test_planner.TestFastMetadataPath" name="test_case_insensitive" time="0.208" /><testcase classname="tests.test_planner.TestFastMetadataPath" name="test_plan_retains_original_query" time="0.194" /><testcase classname="tests.test_planner.TestFullRagPath" name="test_routes_to_full_rag[what does the authentication system do]" time="0.194" /><testcase classname="tests.test_planner.TestFullRagPath" name="test_routes_to_full_rag[show me the player movement code]" time="0.186" /><testcase classname="tests.test_planner.TestFullRagPath" name="test_routes_to_full_rag[summarise my meeting notes from last week]" time="0.189" /><testcase classname="tests.test_planner.TestFullRagPath" name="test_routes_to_full_rag[what are the main algorithms used in my project]" time="0.263" /><testcase classname="tests.test_planner.TestFullRagPath" name="test_routes_to_full_rag[explain the shader pipeline]" time="0.218" /><testcase classname="tests.test_planner.TestFullRagPath" name="test_routes_to_full_rag[find documents about database design]" time="0.194" /><testcase classname="tests.test_planner.TestFullRagPath" name="test_routes_to_full_rag[]" time="0.190" /><testcase classname="tests.test_planner.TestKeywordExtraction" name="test_stop_words_filtered" time="0.228" /><testcase classname="tests.test_planner.TestKeywordExtraction" name="test_meaningful_keywords_kept" time="0.222" /><testcase classname="tests.test_planner.TestKeywordExtraction" name="test_short_tokens_excluded" time="0.205" /><testcase classname="tests.test_planner.TestKeywordExtraction" name="test_empty_query_no_crash" time="0.194" /><testcase classname="tests.test_planner.TestIntentFields" name="test_inventory_query_has_intents" time="0.186" /><testcase classname="tests.test_planner.TestIntentFields" name="test_full_rag_has_intents" time="0.166" /><testcase classname="tests.test_planner.TestRegressionGuards" name="test_original_three_phrases_still_work" time="0.154" /><testcase classname="tests.test_planner.TestRegressionGuards" name="test_composite_no_false_positive" time="0.171" /><testcase classname="tests.test_planner.TestRegressionGuards" name="test_planner_is_stateless" time="0.195" /><testcase classname="tests.test_provider_anthropic" name="test_anthropic_provider_spec_default_url" time="0.427" /><testcase classname="tests.test_provider_launcher" name="test_only_local_providers_are_launchable" time="0.234" /><testcase classname="tests.test_provider_launcher" name="test_launch_arguments_are_fixed_constants" time="0.205" /><testcase classname="tests.test_provider_launcher" name="test_spawn_requests_job_breakaway" time="0.201" /><testcase classname="tests.test_provider_launcher" name="test_spawn_falls_back_when_breakaway_is_forbidden" time="0.213" /><testcase classname="tests.test_provider_launcher" name="test_spawn_reraises_unrelated_os_errors" time="0.203" /><testcase classname="tests.test_provider_launcher" name="test_resolve_candidate_returns_none_when_nothing_installed" time="0.223" /><testcase classname="tests.test_provider_launcher" name="test_resolve_candidate_picks_first_available" time="0.170" /><testcase classname="tests.test_provider_launcher" name="test_status_for_cloud_provider_is_unsupported" time="0.214" /><testcase classname="tests.test_provider_launcher" name="test_status_reports_installed_and_running" time="0.188" /><testcase classname="tests.test_provider_launcher" name="test_status_reports_not_installed" time="0.135" /><testcase classname="tests.test_provider_launcher" name="test_cloud_provider_is_never_launched" time="0.297" /><testcase classname="tests.test_provider_launcher" name="test_already_running_short_circuits" time="0.235" /><testcase classname="tests.test_provider_launcher" name="test_not_installed_does_not_spawn" time="0.150" /><testcase classname="tests.test_provider_launcher" name="test_successful_launch" time="0.183" /><testcase classname="tests.test_provider_launcher" name="test_launch_times_out_without_hanging" time="0.701" /><testcase classname="tests.test_provider_launcher" name="test_gui_fallback_reports_manual_step" time="0.643" /><testcase classname="tests.test_provider_launcher" name="test_os_error_is_reported_not_raised" time="0.226" /><testcase classname="tests.test_provider_launcher" name="test_unsupported_platform" time="0.189" /><testcase classname="tests.test_provider_manifest" name="test_reachability_closed_port" time="0.278" /><testcase classname="tests.test_provider_manifest" name="test_reachability_open_port" time="0.301" /><testcase classname="tests.test_provider_manifest" name="test_reachability_ttl_cache" time="0.345" /><testcase classname="tests.test_provider_manifest" name="test_async_helpers" time="1.109" /><testcase classname="tests.test_provider_manifest" name="test_default_chain_order_is_local_first_cloud_last" time="0.170" /><testcase classname="tests.test_provider_manifest" name="test_get_default_chain_preserves_local_first_order" time="0.405" /><testcase classname="tests.test_provider_openai" name="test_openai_provider_validate_success" time="0.463" /><testcase classname="tests.test_provider_openai" name="test_openai_provider_validate_auth_failure" time="0.540" /><testcase classname="tests.test_provider_openrouter" name="test_openrouter_provider_pricing" time="0.562" /><testcase classname="tests.test_provider_registry" name="test_provider_registry_api_key_patterns" time="0.183" /><testcase classname="tests.test_provider_registry" name="test_provider_registry_base_url" time="0.167" /><testcase classname="tests.test_provider_registry_completeness" name="test_setup_page_provider_completeness" time="0.192" /><testcase classname="tests.test_provider_registry_completeness" name="test_every_credentialled_provider_has_a_settings_field" time="0.193" /><testcase classname="tests.test_provider_registry_completeness" name="test_no_duplicated_path_segment[gemini]" time="0.206" /><testcase classname="tests.test_provider_registry_completeness" name="test_no_duplicated_path_segment[openai]" time="0.196" /><testcase classname="tests.test_provider_registry_completeness" name="test_no_duplicated_path_segment[anthropic]" time="0.152" /><testcase classname="tests.test_provider_registry_completeness" name="test_no_duplicated_path_segment[groq]" time="0.161" /><testcase classname="tests.test_provider_registry_completeness" name="test_no_duplicated_path_segment[openrouter]" time="0.233" /><testcase classname="tests.test_provider_registry_completeness" name="test_no_duplicated_path_segment[nvidia_nim]" time="0.188" /><testcase classname="tests.test_provider_registry_completeness" name="test_no_duplicated_path_segment[ollama]" time="0.154" /><testcase classname="tests.test_provider_registry_completeness" name="test_no_duplicated_path_segment[lm_studio]" time="0.260" /><testcase classname="tests.test_provider_registry_completeness" name="test_no_duplicated_path_segment[openai_compatible]" time="0.223" /><testcase classname="tests.test_provider_registry_completeness" name="test_default_chain_order_locals_first" time="0.172" /><testcase classname="tests.test_provider_vision" name="test_ollama_puts_the_image_in_a_sibling_key" time="0.197" /><testcase classname="tests.test_provider_vision" name="test_openai_style_replaces_content_with_parts" time="0.197" /><testcase classname="tests.test_provider_vision" name="test_both_shapes_survive_json_serialization" time="0.184" /><testcase classname="tests.test_provider_vision" name="test_an_unknown_provider_raises_instead_of_dropping_the_image" time="0.173" /><testcase classname="tests.test_provider_vision" name="test_an_empty_image_is_refused" time="0.170" /><testcase classname="tests.test_provider_vision" name="test_vision_detection_covers_the_models_we_suggest" time="0.199" /><testcase classname="tests.test_provider_vision" name="test_vision_detection_does_not_flag_ordinary_text_models" time="0.167" /><testcase classname="tests.test_provider_vision" name="test_mime_type_is_honoured" time="0.217" /><testcase classname="tests.test_query_endpoints" name="test_api_query_standard" time="0.276" /><testcase classname="tests.test_query_endpoints" name="test_api_query_stream_standard" time="0.218" /><testcase classname="tests.test_query_endpoints" name="test_stream_keepalive_does_not_truncate_slow_generator" time="0.419" /><testcase classname="tests.test_query_endpoints" name="test_api_query_fast_path_metadata" time="0.207" /><testcase classname="tests.test_query_endpoints" name="test_api_query_fast_path_project" time="0.241" /><testcase classname="tests.test_query_endpoints" name="test_query_challenge_mode" time="0.198" /><testcase classname="tests.test_query_endpoints" name="test_query_history_and_clear" time="0.228" /><testcase classname="tests.test_query_endpoints" name="test_retrieval_semantic_cache_hit" time="0.275" /><testcase classname="tests.test_query_endpoints" name="test_retrieval_llm_failure_handling" time="0.195" /><testcase classname="tests.test_reranker_absence_rule.TestDegradedIsPerAnswerNotCapability" name="test_model_not_installed_is_not_degradation" time="0.182" /><testcase classname="tests.test_reranker_absence_rule.TestDegradedIsPerAnswerNotCapability" name="test_inference_failure_is_degradation" time="0.237" /><testcase classname="tests.test_reranker_absence_rule.TestDegradedIsPerAnswerNotCapability" name="test_timeout_is_degradation" time="0.162" /><testcase classname="tests.test_reranker_absence_rule.TestDegradedIsPerAnswerNotCapability" name="test_degraded_flag_survives_reordering_and_truncation" time="0.239" /><testcase classname="tests.test_reranker_absence_rule.TestDegradedIsPerAnswerNotCapability" name="test_single_candidate_skips_the_reranker" time="0.207" /><testcase classname="tests.test_reranker_absence_rule.TestRelevanceCutoff" name="test_negative_logits_do_not_empty_the_context" time="0.208" /><testcase classname="tests.test_reranker_absence_rule.TestRelevanceCutoff" name="test_below_floor_is_dropped" time="0.230" /><testcase classname="tests.test_reranker_absence_rule.TestRelevanceCutoff" name="test_unassessed_falls_back_to_the_rrf_ratio" time="0.205" /><testcase classname="tests.test_reranker_absence_rule.TestRelevanceCutoff" name="test_mixed_scales_filter_nothing" time="0.175" /><testcase classname="tests.test_reranker_absence_rule.TestSufficiency" name="test_unassessed_evidence_is_unverified_not_satisfied" time="0.270" /><testcase classname="tests.test_reranker_absence_rule.TestSufficiency" name="test_unverified_stays_out_of_the_not_found_list" time="0.188" /><testcase classname="tests.test_reranker_absence_rule.TestSufficiency" name="test_below_floor_is_reported_as_not_found" time="0.175" /><testcase classname="tests.test_reranker_absence_rule.TestSufficiency" name="test_above_floor_is_satisfied" time="0.177" /><testcase classname="tests.test_reranker_absence_rule.TestSufficiency" name="test_no_evidence_at_all_is_not_found" time="0.188" /><testcase classname="tests.test_retrieval_and_reranker" name="test_query_heuristics_and_fts_sanitization" time="0.221" /><testcase classname="tests.test_retrieval_and_reranker" name="test_compute_rrf_scores_and_filter_results" time="0.234" /><testcase classname="tests.test_retrieval_and_reranker" name="test_load_query_metadata_and_gather_full_inputs" time="0.164" /><testcase classname="tests.test_retrieval_and_reranker" name="test_rerank_empty_short_circuit" time="0.192" /><testcase classname="tests.test_retrieval_and_reranker" name="test_rerank_with_mock_model" time="0.153" /><testcase classname="tests.test_retrieval_and_reranker" name="test_build_candidate_results_no_longer_deduplicates" time="0.187" /><testcase classname="tests.test_retrieval_and_reranker" name="test_build_candidate_results_short_text" time="0.206" /><testcase classname="tests.test_retrieval_extended" name="test_determine_metadata_insights" time="0.306" /><testcase classname="tests.test_retrieval_extended" name="test_build_fast_answer" time="0.182" /><testcase classname="tests.test_retrieval_extended" name="test_fts_search_errors" time="0.165" /><testcase classname="tests.test_retrieval_extended" name="test_hybrid_retrieve_cache_and_lengths" time="0.202" /><testcase classname="tests.test_retrieval_hardening" name="test_graph_plan_falls_through_when_graph_is_empty" time="0.182" /><testcase classname="tests.test_retrieval_hardening" name="test_full_rag_uses_full_retrieval_when_graph_falls_through" time="0.216" /><testcase classname="tests.test_retrieval_hardening" name="test_graph_plan_scores_are_not_uniform_when_graph_has_edges" time="0.204" /><testcase classname="tests.test_retrieval_hardening" name="test_bfs_traversal_does_not_re_expand_visited_nodes" time="0.504" /><testcase classname="tests.test_retrieval_hardening" name="test_bfs_still_reaches_every_connected_chunk" time="0.471" /><testcase classname="tests.test_retrieval_hardening" name="test_get_chunk_ids_for_paths_is_bounded_and_ordered" time="0.497" /><testcase classname="tests.test_retrieval_hardening" name="test_indexing_embeds_per_file_summaries" time="0.475" /><testcase classname="tests.test_retrieval_hardening" name="test_flush_file_summaries_is_a_noop_when_nothing_changed" time="0.500" /><testcase classname="tests.test_retrieval_hardening" name="test_reindex_rebuilds_file_summaries_and_folder_profiles" time="0.654" /><testcase classname="tests.test_retrieval_hardening" name="test_reindex_hard_fails_on_an_empty_summary_table" time="0.470" /><testcase classname="tests.test_retrieval_hardening" name="test_reindex_skips_error_summaries" time="0.479" /><testcase classname="tests.test_retrieval_hardening" name="test_reindex_pagination_covers_every_chunk_exactly_once" time="0.491" /><testcase classname="tests.test_retrieval_hardening" name="test_summary_signal_can_introduce_a_candidate" time="0.174" /><testcase classname="tests.test_retrieval_hardening" name="test_summary_rank_orders_documents" time="0.170" /><testcase classname="tests.test_retrieval_hardening" name="test_summary_search_returns_ranked_list_not_a_set" time="0.258" /><testcase classname="tests.test_retrieval_hardening" name="test_summary_search_excludes_folder_profiles" time="0.138" /><testcase classname="tests.test_retrieval_hardening" name="test_summary_paths_expand_to_chunk_candidates" time="0.211" /><testcase classname="tests.test_retrieval_hardening" name="test_summary_boost_factor_is_gone" time="0.134" /><testcase classname="tests.test_retrieval_hardening" name="test_cache_key_distinguishes_k" time="0.246" /><testcase classname="tests.test_retrieval_hardening" name="test_fusion_version_participates_in_the_cache_key" time="0.203" /><testcase classname="tests.test_retrieval_hardening" name="test_no_cloud_validation_ping_without_consent" time="0.224" /><testcase classname="tests.test_retrieval_hardening" name="test_cloud_validation_ping_allowed_with_consent" time="0.212" /><testcase classname="tests.test_retrieval_hardening" name="test_allocation_gives_every_domain_a_floor" time="0.187" /><testcase classname="tests.test_retrieval_hardening" name="test_allocation_enforces_a_ceiling" time="0.194" /><testcase classname="tests.test_retrieval_hardening" name="test_allocation_backfills_rather_than_losing_recall" time="0.207" /><testcase classname="tests.test_retrieval_hardening" name="test_allocation_disabled_reproduces_the_global_flood" time="0.198" /><testcase classname="tests.test_retrieval_hardening" name="test_rebalance_after_rerank_restores_domain_spread" time="0.133" /><testcase classname="tests.test_retrieval_hardening" name="test_reranker_is_not_bypassed_on_a_score_gap" time="0.212" /><testcase classname="tests.test_retrieval_hardening" name="test_near_misses_survive_the_reranker" time="0.218" /><testcase classname="tests.test_retrieval_hardening" name="test_loop_stops_at_the_iteration_cap" time="0.192" /><testcase classname="tests.test_retrieval_hardening" name="test_loop_stops_at_fixpoint" time="0.165" /><testcase classname="tests.test_retrieval_hardening" name="test_budget_is_pre_committed" time="0.277" /><testcase classname="tests.test_retrieval_hardening" name="test_per_subquery_k_is_derived_from_budget" time="0.223" /><testcase classname="tests.test_retrieval_hardening" name="test_decomposition_falls_back_to_the_original_query" time="0.200" /><testcase classname="tests.test_retrieval_hardening" name="test_trace_reports_what_was_searched_for_and_not_found" time="0.162" /><testcase classname="tests.test_retrieval_hardening" name="test_agentic_loop_is_mode_gated" time="0.199" /><testcase classname="tests.test_retrieval_hardening" name="test_agentic_loop_is_off_by_default" time="0.246" /><testcase classname="tests.test_rust_chunker_offset" name="test_rust_chunker_cjk_offsets" time="0.211" /><testcase classname="tests.test_scanner" name="test_fast_scan" time="0.165" /><testcase classname="tests.test_security_and_robustness" name="test_api_token_enforcement" time="0.243" /><testcase classname="tests.test_security_and_robustness" name="test_path_traversal_safeguards" time="0.241" /><testcase classname="tests.test_security_and_robustness" name="test_epub_extractor_zip_bomb_protection" time="0.626" /><testcase classname="tests.test_security_and_robustness" name="test_stream_chunker_boundaries" time="0.185" /><testcase classname="tests.test_security_and_robustness" name="test_rag_pipeline_edge_cases" time="0.287" /><testcase classname="tests.test_security_and_robustness" name="test_input_validation_limit_gaps" time="0.255" /><testcase classname="tests.test_security_and_robustness" name="test_write_lock_concurrency" time="0.388" /><testcase classname="tests.test_security_and_robustness" name="test_epub_extractor_cumulative_zip_bomb" time="2.406" /><testcase classname="tests.test_security_and_robustness" name="test_rag_pipeline_extremely_large_input" time="0.333" /><testcase classname="tests.test_security_and_robustness" name="test_malformed_structured_files" time="0.334" /><testcase classname="tests.test_security_and_robustness" name="test_additional_input_validation_robustness" time="0.238" /><testcase classname="tests.test_settings_store" name="test_settings_store_save_and_read" time="0.634" /><testcase classname="tests.test_settings_store" name="test_settings_store_read_missing" time="0.359" /><testcase classname="tests.test_settings_store" name="test_settings_store_read_corrupt_raises" time="0.193" /><testcase classname="tests.test_stream_chunker_pathological" name="test_stream_chunker_pathological_input_no_hang" time="0.163" /><testcase classname="tests.test_stream_chunker_pathological" name="test_stream_chunker_loop_guard_trigger" time="0.194" /><testcase classname="tests.test_summarizer" name="test_summarize_python_classes_and_functions" time="0.186" /><testcase classname="tests.test_summarizer" name="test_summarize_markdown_headers" time="0.162" /><testcase classname="tests.test_summarizer" name="test_summarize_json_keys" time="0.195" /><testcase classname="tests.test_summarizer" name="test_summarize_typescript_symbols" time="0.161" /><testcase classname="tests.test_summarizer" name="test_summarize_rust_symbols" time="0.178" /><testcase classname="tests.test_summarizer" name="test_summarize_csv_headers" time="0.175" /><testcase classname="tests.test_summarizer" name="test_summarize_empty_file" time="0.214" /><testcase classname="tests.test_summarizer" name="test_fallback_snippet" time="0.156" /><testcase classname="tests.test_system_endpoints" name="test_system_config" time="0.210" /><testcase classname="tests.test_system_endpoints" name="test_get_drive_fs_type" time="0.178" /><testcase classname="tests.test_system_endpoints" name="test_get_drive_info" time="0.210" /><testcase classname="tests.test_system_endpoints" name="test_get_os_string" time="0.176" /><testcase classname="tests.test_system_endpoints" name="test_get_volumes" time="0.156" /><testcase classname="tests.test_system_endpoints" name="test_system_info_endpoint" time="0.213" /><testcase classname="tests.test_system_endpoints" name="test_enable_split_brain" time="0.268" /><testcase classname="tests.test_system_endpoints" name="test_purge_host_cache" time="0.205" /><testcase classname="tests.test_system_endpoints" name="test_compact_db_endpoints" time="0.204" /><testcase classname="tests.test_system_endpoints" name="test_compact_status_endpoint" time="0.189" /><testcase classname="tests.test_system_endpoints" name="test_clear_cache_endpoint" time="0.207" /><testcase classname="tests.test_system_endpoints" name="test_demo_seed_endpoint" time="0.236" /><testcase classname="tests.test_system_endpoints" name="test_pick_folder_mocked" time="0.289" /><testcase classname="tests.test_system_endpoints" name="test_pick_folder_dialog_failure" time="0.234" /></testsuite></testsuites>