<?xml version="1.0" encoding="utf-8"?><testsuites name="pytest tests"><testsuite name="pytest" errors="0" failures="0" skipped="0" tests="246" time="28.363" timestamp="2026-07-02T17:00:28.958568+05:30" hostname="BinitMsi"><testcase classname="tests.test_api_telemetry_and_models.TestLatencyTracker" name="test_record_and_get_stats" time="0.035" /><testcase classname="tests.test_api_telemetry_and_models.TestLatencyTracker" name="test_percentiles" time="0.032" /><testcase classname="tests.test_api_telemetry_and_models.TestLatencyTracker" name="test_window_eviction" time="0.033" /><testcase classname="tests.test_api_telemetry_and_models.TestLatencyTracker" name="test_multiple_stages" time="0.037" /><testcase classname="tests.test_api_telemetry_and_models.TestLatencyTracker" name="test_empty_stage_not_reported" time="0.038" /><testcase classname="tests.test_api_telemetry_and_models.TestLatencyTracker" name="test_thread_safety" time="0.040" /><testcase classname="tests.test_api_telemetry_and_models.TestTimer" name="test_timer_records_to_tracker" time="0.034" /><testcase classname="tests.test_api_telemetry_and_models.TestTimer" name="test_timer_context_manager_returns_self" time="0.034" /><testcase classname="tests.test_api_telemetry_and_models" name="test_metrics_tracker_singleton" time="0.032" /><testcase classname="tests.test_api_telemetry_and_models" name="test_telemetry_endpoint" time="0.130" /><testcase classname="tests.test_api_telemetry_and_models.TestReadWriteSettings" name="test_read_missing_returns_empty" time="0.390" /><testcase classname="tests.test_api_telemetry_and_models.TestReadWriteSettings" name="test_write_then_read" time="0.133" /><testcase classname="tests.test_api_telemetry_and_models.TestReadWriteSettings" name="test_read_corrupt_json_returns_empty" time="0.110" /><testcase classname="tests.test_api_telemetry_and_models" name="test_get_preferences_default" time="0.112" /><testcase classname="tests.test_api_telemetry_and_models" name="test_set_preferences_normalizes_invalid_provider" time="0.136" /><testcase classname="tests.test_api_telemetry_and_models" name="test_detect_local_models_no_servers" time="3.228" /><testcase classname="tests.test_api_telemetry_and_models" name="test_detect_local_models_ollama_detected" time="0.039" /><testcase classname="tests.test_central_coverage" name="test_db_logic_coverage" time="0.511" /><testcase classname="tests.test_central_coverage" name="test_indexing_pipeline_deep" time="0.648" /><testcase classname="tests.test_central_coverage" name="test_indexing_folder_walking" time="0.511" /><testcase classname="tests.test_central_coverage" name="test_main_endpoints_high_coverage" time="0.460" /><testcase classname="tests.test_central_coverage" name="test_full_rag_logic" time="0.469" /><testcase classname="tests.test_central_coverage" name="test_context_builder_edge_cases" time="0.069" /><testcase classname="tests.test_central_coverage" name="test_llm_client_retry_logic" time="0.109" /><testcase classname="tests.test_clear_all" name="test_clear_all_and_fts_behavior" time="0.056" /><testcase classname="tests.test_code_chunker.TestCodeChunkerInit" name="test_default_params" time="0.047" /><testcase classname="tests.test_code_chunker.TestCodeChunkerInit" name="test_custom_max_tokens" time="0.060" /><testcase classname="tests.test_code_chunker.TestChunkPython" name="test_simple_function" time="0.046" /><testcase classname="tests.test_code_chunker.TestChunkPython" name="test_class_and_method" time="0.044" /><testcase classname="tests.test_code_chunker.TestChunkPython" name="test_no_boundaries_uses_fallback" time="0.047" /><testcase classname="tests.test_code_chunker.TestChunkPython" name="test_syntax_error_falls_back" time="0.049" /><testcase classname="tests.test_code_chunker.TestChunkPython" name="test_large_function_splits" time="0.047" /><testcase classname="tests.test_code_chunker.TestChunkPython" name="test_multiple_functions" time="0.065" /><testcase classname="tests.test_code_chunker.TestChunkJavaScript" name="test_function_declaration" time="0.045" /><testcase classname="tests.test_code_chunker.TestChunkJavaScript" name="test_class_declaration" time="0.051" /><testcase classname="tests.test_code_chunker.TestChunkJavaScript" name="test_no_pattern_match_uses_fallback" time="0.050" /><testcase classname="tests.test_code_chunker.TestChunkJavaScript" name="test_jsx_extension_handled" time="0.045" /><testcase classname="tests.test_code_chunker.TestChunkRust" name="test_fn_declaration" time="0.044" /><testcase classname="tests.test_code_chunker.TestChunkRust" name="test_struct_declaration" time="0.050" /><testcase classname="tests.test_code_chunker.TestChunkRust" name="test_impl_block" time="0.049" /><testcase classname="tests.test_code_chunker.TestChunkRust" name="test_no_pattern_falls_back" time="0.050" /><testcase classname="tests.test_code_chunker.TestChunkFallback" name="test_unknown_extension" time="0.044" /><testcase classname="tests.test_code_chunker.TestChunkFallback" name="test_no_extension" time="0.049" /><testcase classname="tests.test_code_chunker.TestChunkFallback" name="test_empty_text" time="0.048" /><testcase classname="tests.test_code_chunker.TestChunkFallback" name="test_overlapping_chunks" time="0.044" /><testcase classname="tests.test_code_chunker.TestChunkCodeDispatch" name="test_dispatch_py" time="0.045" /><testcase classname="tests.test_code_chunker.TestChunkCodeDispatch" name="test_dispatch_ts" time="0.071" /><testcase classname="tests.test_code_chunker.TestChunkCodeDispatch" name="test_dispatch_rs" time="0.048" /><testcase classname="tests.test_code_chunker.TestChunkCodeDispatch" name="test_dispatch_unknown" time="0.043" /><testcase classname="tests.test_context_builder_extended.TestCompressText" name="test_collapses_multiple_newlines" time="0.045" /><testcase classname="tests.test_context_builder_extended.TestCompressText" name="test_strips_surrounding_whitespace" time="0.050" /><testcase classname="tests.test_context_builder_extended.TestCompressText" name="test_empty_string" time="0.047" /><testcase classname="tests.test_context_builder_extended.TestFormatFileStats" name="test_contains_total_files" time="0.044" /><testcase classname="tests.test_context_builder_extended.TestFormatFileStats" name="test_contains_folder" time="0.044" /><testcase classname="tests.test_context_builder_extended.TestFormatFileStats" name="test_contains_file_type" time="0.047" /><testcase classname="tests.test_context_builder_extended.TestFormatFileStats" name="test_empty_by_type" time="0.064" /><testcase classname="tests.test_context_builder_extended.TestTokenCount" name="test_nonempty_returns_positive" time="0.043" /><testcase classname="tests.test_context_builder_extended.TestTokenCount" name="test_empty_returns_positive_or_zero" time="0.057" /><testcase classname="tests.test_context_builder_extended.TestTokenCount" name="test_longer_text_has_more_tokens" time="0.049" /><testcase classname="tests.test_context_builder_extended.TestTruncateToTokens" name="test_empty_text_returns_empty" time="0.064" /><testcase classname="tests.test_context_builder_extended.TestTruncateToTokens" name="test_zero_max_returns_empty" time="0.044" /><testcase classname="tests.test_context_builder_extended.TestTruncateToTokens" name="test_short_text_unchanged" time="0.047" /><testcase classname="tests.test_context_builder_extended.TestTruncateToTokens" name="test_long_text_truncated" time="0.057" /><testcase classname="tests.test_context_builder_extended.TestSemanticDeduplicate" name="test_identical_texts_deduplicated" time="0.044" /><testcase classname="tests.test_context_builder_extended.TestSemanticDeduplicate" name="test_different_texts_kept" time="0.045" /><testcase classname="tests.test_context_builder_extended.TestSemanticDeduplicate" name="test_short_texts_always_kept" time="0.046" /><testcase classname="tests.test_context_builder_extended.TestSemanticDeduplicate" name="test_empty_input" time="0.050" /><testcase classname="tests.test_context_builder_extended.TestDeduplicateByFile" name="test_max_2_per_file" time="0.045" /><testcase classname="tests.test_context_builder_extended.TestDeduplicateByFile" name="test_different_files_kept" time="0.046" /><testcase classname="tests.test_context_builder_extended.TestBuildContext" name="test_empty_all_returns_no_relevant" time="0.047" /><testcase classname="tests.test_context_builder_extended.TestBuildContext" name="test_with_results" time="0.051" /><testcase classname="tests.test_context_builder_extended.TestBuildContext" name="test_with_file_stats" time="0.046" /><testcase classname="tests.test_context_builder_extended.TestBuildContext" name="test_with_folder_profiles" time="0.043" /><testcase classname="tests.test_context_builder_extended.TestBuildContext" name="test_with_metadata_insights" time="0.045" /><testcase classname="tests.test_context_builder_extended.TestBuildContext" name="test_token_budget_respected" time="0.050" /><testcase classname="tests.test_context_builder_extended.TestBuildContext" name="test_score_threshold_filters_low_score" time="0.048" /><testcase classname="tests.test_context_builder_extended.TestBuildContext" name="test_zero_max_tokens_uses_settings_default" time="0.045" /><testcase classname="tests.test_coverage_boost" name="test_get_files_tree_groups_and_totals" time="0.046" /><testcase classname="tests.test_coverage_boost" name="test_get_files_tree_db_failure_returns_empty" time="0.068" /><testcase classname="tests.test_coverage_boost" name="test_query_history_success_and_error" time="0.055" /><testcase classname="tests.test_coverage_boost" name="test_cleanup_stale_success_and_error" time="0.046" /><testcase classname="tests.test_coverage_boost" name="test_export_index_success_and_error" time="0.063" /><testcase classname="tests.test_coverage_boost" name="test_get_system_info_non_windows" time="0.048" /><testcase classname="tests.test_coverage_boost" name="test_request_validation_helpers" time="0.249" /><testcase classname="tests.test_coverage_boost" name="test_context_builder_includes_stats_profiles_and_snippets" time="0.052" /><testcase classname="tests.test_coverage_boost" name="test_context_builder_empty_and_truncation" time="0.052" /><testcase classname="tests.test_coverage_boost" name="test_insights_service_success_and_error" time="0.064" /><testcase classname="tests.test_db_manager_extended" name="test_file_and_chunk_crud_and_counts" time="0.508" /><testcase classname="tests.test_db_manager_extended" name="test_usage_filters_stats_and_modified_map" time="0.555" /><testcase classname="tests.test_db_manager_extended" name="test_query_history_profiles" time="0.491" /><testcase classname="tests.test_db_manager_extended" name="test_cleanup_delete_prefix_clear_all_and_health" time="0.824" /><testcase classname="tests.test_db_manager_extended" name="test_cascading_deletes" time="0.978" /><testcase classname="tests.test_embeddings_service.TestEmbeddingServiceInit" name="test_defaults" time="0.049" /><testcase classname="tests.test_embeddings_service.TestEmbeddingServiceInit" name="test_is_ready_false_before_load" time="0.046" /><testcase classname="tests.test_embeddings_service.TestIsReady" name="test_is_ready_after_event_set" time="0.047" /><testcase classname="tests.test_embeddings_service.TestIsReady" name="test_wait_until_ready_timeout" time="0.064" /><testcase classname="tests.test_embeddings_service.TestIsReady" name="test_wait_until_ready_success" time="0.049" /><testcase classname="tests.test_embeddings_service.TestLoadModelBackground" name="test_starts_thread" time="0.095" /><testcase classname="tests.test_embeddings_service.TestLoadModelBackground" name="test_no_double_load" time="0.048" /><testcase classname="tests.test_embeddings_service.TestLoadModelBackground" name="test_no_load_if_model_exists" time="0.049" /><testcase classname="tests.test_embeddings_service.TestEmbedQuery" name="test_embed_query_uses_cache" time="0.042" /><testcase classname="tests.test_embeddings_service.TestEmbedQuery" name="test_embed_query_populates_cache" time="0.040" /><testcase classname="tests.test_embeddings_service.TestEmbedQuery" name="test_embed_query_lru_eviction" time="0.041" /><testcase classname="tests.test_embeddings_service.TestEmbedTexts" name="test_raises_if_model_unavailable" time="0.309" /><testcase classname="tests.test_embeddings_service.TestEmbedTexts" name="test_deduplication" time="0.045" /><testcase classname="tests.test_embeddings_service.TestEmbedTexts" name="test_custom_batch_size" time="0.048" /><testcase classname="tests.test_exhaustive_coverage" name="test_insights_service_deep" time="0.110" /><testcase classname="tests.test_exhaustive_coverage" name="test_all_logic_deep" time="0.109" /><testcase classname="tests.test_exhaustive_coverage" name="test_metrics" time="0.047" /><testcase classname="tests.test_exhaustive_coverage" name="test_api_exhaustive" time="0.118" /><testcase classname="tests.test_extractors.TestCsvExtractor" name="test_can_handle" time="0.187" /><testcase classname="tests.test_extractors.TestCsvExtractor" name="test_basic_csv" time="0.107" /><testcase classname="tests.test_extractors.TestCsvExtractor" name="test_empty_csv" time="0.163" /><testcase classname="tests.test_extractors.TestCsvExtractor" name="test_headers_only_csv" time="0.093" /><testcase classname="tests.test_extractors.TestCsvExtractor" name="test_max_size_truncation" time="0.126" /><testcase classname="tests.test_extractors.TestCsvExtractor" name="test_corrupt_file_returns_empty" time="0.134" /><testcase classname="tests.test_extractors.TestCsvExtractor" name="test_rows_limit" time="0.087" /><testcase classname="tests.test_extractors.TestJsonExtractor" name="test_can_handle" time="0.106" /><testcase classname="tests.test_extractors.TestJsonExtractor" name="test_basic_json_dict" time="0.080" /><testcase classname="tests.test_extractors.TestJsonExtractor" name="test_json_list" time="0.125" /><testcase classname="tests.test_extractors.TestJsonExtractor" name="test_invalid_json" time="0.130" /><testcase classname="tests.test_extractors.TestJsonExtractor" name="test_missing_file" time="0.109" /><testcase classname="tests.test_extractors.TestPdfExtractor" name="test_can_handle" time="0.120" /><testcase classname="tests.test_extractors.TestPdfExtractor" name="test_extract_success" time="0.121" /><testcase classname="tests.test_extractors.TestPdfExtractor" name="test_encrypted_pdf" time="0.087" /><testcase classname="tests.test_extractors.TestPdfExtractor" name="test_missing_file_returns_empty" time="0.151" /><testcase classname="tests.test_extractors.TestDocxExtractor" name="test_can_handle" time="0.116" /><testcase classname="tests.test_extractors.TestDocxExtractor" name="test_extract_success" time="0.116" /><testcase classname="tests.test_extractors.TestDocxExtractor" name="test_missing_file_returns_empty" time="0.128" /><testcase classname="tests.test_extractors.TestXlsxExtractor" name="test_can_handle" time="0.119" /><testcase classname="tests.test_extractors.TestXlsxExtractor" name="test_extract_success" time="0.095" /><testcase classname="tests.test_extractors.TestXlsxExtractor" name="test_missing_file_returns_empty" time="0.180" /><testcase classname="tests.test_extractors.TestPptxExtractor" name="test_can_handle" time="0.122" /><testcase classname="tests.test_extractors.TestPptxExtractor" name="test_extract_success" time="0.093" /><testcase classname="tests.test_extractors.TestPptxExtractor" name="test_missing_file_returns_empty" time="0.139" /><testcase classname="tests.test_extractors.TestEpubExtractor" name="test_can_handle" time="0.100" /><testcase classname="tests.test_extractors.TestEpubExtractor" name="test_missing_file_returns_empty_or_error" time="0.098" /><testcase classname="tests.test_extractors.TestExtractorRegistry" name="test_all_extractors_are_loaded" time="0.059" /><testcase classname="tests.test_extractors.TestExtractorRegistry" name="test_each_extractor_has_can_handle_and_extract" time="0.076" /><testcase classname="tests.test_extractors.TestExtractorRegistry" name="test_only_one_extractor_handles_each_type" time="0.149" /><testcase classname="tests.test_fast_path" name="test_planner_detects_inventory" time="0.066" /><testcase classname="tests.test_fast_path" name="test_planner_detects_project" time="0.054" /><testcase classname="tests.test_fast_path" name="test_planner_detects_full_rag" time="0.057" /><testcase classname="tests.test_fast_path" name="test_planner_fallback" time="0.052" /><testcase classname="tests.test_folder_profiler.TestIndicatorMatches" name="test_ext_match" time="0.069" /><testcase classname="tests.test_folder_profiler.TestIndicatorMatches" name="test_ext_no_match" time="0.056" /><testcase classname="tests.test_folder_profiler.TestIndicatorMatches" name="test_file_match" time="0.049" /><testcase classname="tests.test_folder_profiler.TestIndicatorMatches" name="test_file_no_match" time="0.051" /><testcase classname="tests.test_folder_profiler.TestIndicatorMatches" name="test_dir_match" time="0.051" /><testcase classname="tests.test_folder_profiler.TestIndicatorMatches" name="test_dir_no_match" time="0.073" /><testcase classname="tests.test_folder_profiler.TestIndicatorMatches" name="test_unknown_kind_returns_false" time="0.049" /><testcase classname="tests.test_folder_profiler.TestCollectProjectMarkers" name="test_collects_extensions" time="0.098" /><testcase classname="tests.test_folder_profiler.TestCollectProjectMarkers" name="test_collects_filenames" time="0.114" /><testcase classname="tests.test_folder_profiler.TestCollectProjectMarkers" name="test_collects_directory" time="0.147" /><testcase classname="tests.test_folder_profiler.TestDominantExtension" name="test_dominant_extension_returned" time="0.118" /><testcase classname="tests.test_folder_profiler.TestDominantExtension" name="test_no_extensions_returns_none" time="0.053" /><testcase classname="tests.test_folder_profiler.TestDominantExtension" name="test_empty_files_returns_none" time="0.054" /><testcase classname="tests.test_folder_profiler.TestDetectProjectType" name="test_python_project" time="0.113" /><testcase classname="tests.test_folder_profiler.TestDetectProjectType" name="test_unknown_project" time="0.111" /><testcase classname="tests.test_folder_profiler.TestDetectProjectType" name="test_empty_folder" time="0.124" /><testcase classname="tests.test_folder_profiler.TestBuildFolderProfile" name="test_basic_profile" time="0.120" /><testcase classname="tests.test_folder_profiler.TestBuildFolderProfile" name="test_profile_with_key_files" time="0.157" /><testcase classname="tests.test_folder_profiler.TestBuildFolderProfile" name="test_profile_total_size" time="0.144" /><testcase classname="tests.test_folder_profiler.TestBuildFolderProfile" name="test_profile_excludes_files_outside_folder" time="0.118" /><testcase classname="tests.test_folder_profiler.TestResolveFolderOverlaps" name="test_removes_child_when_parent_present" time="0.186" /><testcase classname="tests.test_folder_profiler.TestResolveFolderOverlaps" name="test_keeps_independent_folders" time="0.195" /><testcase classname="tests.test_folder_profiler.TestResolveFolderOverlaps" name="test_strips_quotes" time="0.135" /><testcase classname="tests.test_folder_profiler.TestResolveFolderOverlaps" name="test_nonexistent_folders_excluded" time="0.135" /><testcase classname="tests.test_folder_profiler.TestResolveFolderOverlaps" name="test_empty_list" time="0.071" /><testcase classname="tests.test_folder_profiler.TestResolveFolderOverlaps" name="test_whitespace_stripped" time="0.119" /><testcase classname="tests.test_folder_profiler" name="test_generate_folder_profiles_async" time="0.173" /><testcase classname="tests.test_folder_profiler" name="test_generate_folder_profiles_async_handles_error" time="0.174" /><testcase classname="tests.test_indexing_service_extended" name="test_project_detection_and_overlap_resolution" time="0.245" /><testcase classname="tests.test_indexing_service_extended" name="test_folder_profile_and_chunk_helpers" time="0.178" /><testcase classname="tests.test_indexing_service_extended" name="test_stream_extract_and_prepare" time="0.170" /><testcase classname="tests.test_indexing_service_extended" name="test_scan_index_file_and_profiles" time="0.203" /><testcase classname="tests.test_indexing_service_extended" name="test_extract_monolithic_and_chunking" time="0.205" /><testcase classname="tests.test_keyring_token" name="test_token_already_in_environment" time="0.051" /><testcase classname="tests.test_keyring_token" name="test_token_retrieved_from_keyring" time="0.051" /><testcase classname="tests.test_keyring_token" name="test_token_generated_and_stored_in_keyring" time="0.054" /><testcase classname="tests.test_keyring_token" name="test_keyring_exception_fallback" time="0.058" /><testcase classname="tests.test_main" name="test_read_root" time="0.066" /><testcase classname="tests.test_main" name="test_health_check" time="0.080" /><testcase classname="tests.test_main" name="test_index_status" time="0.068" /><testcase classname="tests.test_main" name="test_query_validation_error" time="0.064" /><testcase classname="tests.test_main" name="test_index_start_validation_error" time="0.069" /><testcase classname="tests.test_main" name="test_react_assets_served_correctly" time="0.070" /><testcase classname="tests.test_main" name="test_spa_catchall_returns_html_for_unknown_routes" time="0.070" /><testcase classname="tests.test_main" name="test_system_info_endpoint" time="0.073" /><testcase classname="tests.test_main" name="test_query_history_endpoint" time="0.067" /><testcase classname="tests.test_main" name="test_files_tree_endpoint" time="0.059" /><testcase classname="tests.test_modules_ws" name="test_websocket_connection_unauthorized" time="0.058" /><testcase classname="tests.test_modules_ws" name="test_websocket_connection_authorized" time="0.071" /><testcase classname="tests.test_planner.TestFastMetadataPath" name="test_routes_to_fast_metadata[how many files do I have indexed]" time="0.058" /><testcase classname="tests.test_planner.TestFastMetadataPath" name="test_routes_to_fast_metadata[total size of my library]" time="0.057" /><testcase classname="tests.test_planner.TestFastMetadataPath" name="test_routes_to_fast_metadata[how much disk space am I using]" time="0.049" /><testcase classname="tests.test_planner.TestFastMetadataPath" name="test_routes_to_fast_metadata[storage used by PMA]" time="0.048" /><testcase classname="tests.test_planner.TestFastMetadataPath" name="test_routes_to_fast_metadata[how much is indexed]" time="0.053" /><testcase classname="tests.test_planner.TestFastMetadataPath" name="test_routes_to_fast_metadata[what is my index size]" time="0.075" /><testcase classname="tests.test_planner.TestFastMetadataPath" name="test_routes_to_fast_metadata[how large is my index]" time="0.051" /><testcase classname="tests.test_planner.TestFastMetadataPath" name="test_routes_to_fast_metadata[file count]" time="0.053" /><testcase classname="tests.test_planner.TestFastMetadataPath" name="test_routes_to_fast_metadata[how much space does it take]" time="0.055" /><testcase classname="tests.test_planner.TestFastMetadataPath" name="test_routes_to_fast_metadata[total indexed files]" time="0.050" /><testcase classname="tests.test_planner.TestFastMetadataPath" name="test_routes_to_fast_metadata[what's in my index]" time="0.049" /><testcase classname="tests.test_planner.TestFastMetadataPath" name="test_routes_to_fast_metadata[whats in my index]" time="0.055" /><testcase classname="tests.test_planner.TestFastMetadataPath" name="test_routes_to_fast_metadata[how big is my storage]" time="0.055" /><testcase classname="tests.test_planner.TestFastMetadataPath" name="test_routes_to_fast_metadata[storage usage report]" time="0.065" /><testcase classname="tests.test_planner.TestFastMetadataPath" name="test_routes_to_fast_metadata[how much space used]" time="0.053" /><testcase classname="tests.test_planner.TestFastMetadataPath" name="test_routes_to_fast_metadata[how many files are stored]" time="0.056" /><testcase classname="tests.test_planner.TestFastMetadataPath" name="test_routes_to_fast_metadata[how much memory is used by the index]" time="0.073" /><testcase classname="tests.test_planner.TestFastMetadataPath" name="test_routes_to_fast_metadata[how large is the file collection]" time="0.053" /><testcase classname="tests.test_planner.TestFastMetadataPath" name="test_routes_to_fast_metadata[how many files have been indexed so far]" time="0.056" /><testcase classname="tests.test_planner.TestFastMetadataPath" name="test_case_insensitive" time="0.052" /><testcase classname="tests.test_planner.TestFastMetadataPath" name="test_plan_retains_original_query" time="0.065" /><testcase classname="tests.test_planner.TestFullRagPath" name="test_routes_to_full_rag[what does the authentication system do]" time="0.055" /><testcase classname="tests.test_planner.TestFullRagPath" name="test_routes_to_full_rag[show me the player movement code]" time="0.075" /><testcase classname="tests.test_planner.TestFullRagPath" name="test_routes_to_full_rag[summarise my meeting notes from last week]" time="0.051" /><testcase classname="tests.test_planner.TestFullRagPath" name="test_routes_to_full_rag[what are the main algorithms used in my project]" time="0.052" /><testcase classname="tests.test_planner.TestFullRagPath" name="test_routes_to_full_rag[explain the shader pipeline]" time="0.053" /><testcase classname="tests.test_planner.TestFullRagPath" name="test_routes_to_full_rag[find documents about database design]" time="0.052" /><testcase classname="tests.test_planner.TestFullRagPath" name="test_routes_to_full_rag[]" time="0.056" /><testcase classname="tests.test_planner.TestKeywordExtraction" name="test_stop_words_filtered" time="0.074" /><testcase classname="tests.test_planner.TestKeywordExtraction" name="test_meaningful_keywords_kept" time="0.050" /><testcase classname="tests.test_planner.TestKeywordExtraction" name="test_short_tokens_excluded" time="0.078" /><testcase classname="tests.test_planner.TestKeywordExtraction" name="test_empty_query_no_crash" time="0.051" /><testcase classname="tests.test_planner.TestIntentFields" name="test_inventory_query_has_intents" time="0.049" /><testcase classname="tests.test_planner.TestIntentFields" name="test_full_rag_has_intents" time="0.058" /><testcase classname="tests.test_planner.TestRegressionGuards" name="test_original_three_phrases_still_work" time="0.048" /><testcase classname="tests.test_planner.TestRegressionGuards" name="test_composite_no_false_positive" time="0.050" /><testcase classname="tests.test_planner.TestRegressionGuards" name="test_planner_is_stateless" time="0.056" /><testcase classname="tests.test_retrieval_and_reranker" name="test_query_heuristics_and_fts_sanitization" time="0.061" /><testcase classname="tests.test_retrieval_and_reranker" name="test_compute_rrf_scores_and_filter_results" time="0.048" /><testcase classname="tests.test_retrieval_and_reranker" name="test_load_query_metadata_and_gather_full_inputs" time="0.072" /><testcase classname="tests.test_retrieval_and_reranker" name="test_rerank_empty_short_circuit" time="0.053" /><testcase classname="tests.test_retrieval_and_reranker" name="test_rerank_with_mock_model" time="0.052" /><testcase classname="tests.test_retrieval_and_reranker" name="test_build_candidate_results_deduplication" time="0.055" /><testcase classname="tests.test_retrieval_and_reranker" name="test_build_candidate_results_short_text" time="0.056" /><testcase classname="tests.test_scanner" name="test_fast_scan" time="0.056" /><testcase classname="tests.test_summarizer" name="test_summarize_python_classes_and_functions" time="0.052" /><testcase classname="tests.test_summarizer" name="test_summarize_markdown_headers" time="0.077" /><testcase classname="tests.test_summarizer" name="test_summarize_json_keys" time="0.053" /><testcase classname="tests.test_summarizer" name="test_summarize_typescript_symbols" time="0.052" /><testcase classname="tests.test_summarizer" name="test_summarize_rust_symbols" time="0.057" /><testcase classname="tests.test_summarizer" name="test_summarize_csv_headers" time="0.053" /><testcase classname="tests.test_summarizer" name="test_summarize_empty_file" time="0.086" /><testcase classname="tests.test_summarizer" name="test_fallback_snippet" time="0.051" /></testsuite></testsuites>